[23:04:52] [A-PNL] FILL BUY  5x A @ 1146  pos=+5  fv=1148  edge=+2
[23:04:52] [A-PNL] ── Status (1 trades) ──
  A: pos=+5  cost=+5730  val=+5730  uPnL=+0  fv=1148  mid=1146
  TOTAL: uPnL=+0  realized=+0  net=+0
[23:04:52] [A-PNL] FILL SELL 5x A @ 1146  pos=+5  fv=1148  edge=-2
[23:04:52] [A-PNL] ── Status (2 trades) ──
  A: pos=+5  cost=+0  val=+5730  uPnL=+0  fv=1148  mid=1146
  TOTAL: uPnL=+0  realized=+0  net=+0
[23:04:53] [A-PNL] FILL BUY  5x A @ 1146  pos=+10  fv=1148  edge=+2
[23:04:53] [A-PNL] ── Status (3 trades) ──
  A: pos=+10  cost=+11460  val=+11455  uPnL=-5  fv=1148  mid=1146
  TOTAL: uPnL=-5  realized=+0  net=-5
[23:04:53] [A-PNL] FILL BUY  30x A @ 1145  pos=+40  fv=1148  edge=+2
[23:04:53] [A-PNL] ── Status (4 trades) ──
  A: pos=+40  cost=+45806  val=+45800  uPnL=-6  fv=1148  mid=1145
  TOTAL: uPnL=-6  realized=+0  net=-6
[23:04:53] [A-PNL] FILL BUY  5x A @ 1139  pos=+45  fv=1148  edge=+8
[23:04:53] [A-PNL] ── Status (5 trades) ──
  A: pos=+45  cost=+51497  val=+51255  uPnL=-242  fv=1148  mid=1139
  TOTAL: uPnL=-242  realized=+0  net=-242
[23:04:53] [A-PNL] FILL SELL 5x A @ 1139  pos=+45  fv=1148  edge=-8
[23:04:53] [A-PNL] ── Status (6 trades) ──
  A: pos=+45  cost=+51497  val=+51255  uPnL=-242  fv=1148  mid=1139
  TOTAL: uPnL=-242  realized=-27  net=-269
[23:04:54] [A-PNL] FILL BUY  10x A @ 1144  pos=+45  fv=1148  edge=+4
[23:04:54] [A-PNL] ── Status (7 trades) ──
  A: pos=+45  cost=+51493  val=+51480  uPnL=-13  fv=1148  mid=1144
  TOTAL: uPnL=-13  realized=-27  net=-40
[23:04:54] [A-PNL] FILL SELL 10x A @ 1144  pos=+45  fv=1148  edge=-4
[23:04:54] [A-PNL] ── Status (8 trades) ──
  A: pos=+45  cost=+51493  val=+51480  uPnL=-13  fv=1148  mid=1144
  TOTAL: uPnL=-13  realized=-30  net=-43
[23:04:54] [A-PNL] FILL BUY  30x A @ 1144  pos=+75  fv=1148  edge=+4
[23:04:54] [A-PNL] ── Status (9 trades) ──
  A: pos=+75  cost=+85812  val=+85800  uPnL=-12  fv=1148  mid=1144
  TOTAL: uPnL=-12  realized=-30  net=-42
[23:04:54] [A-PNL] FILL SELL 5x A @ 1143  pos=+75  fv=1148  edge=-4
[23:04:54] [A-PNL] ── Status (10 trades) ──
  A: pos=+75  cost=+85812  val=+85725  uPnL=-87  fv=1148  mid=1143
  TOTAL: uPnL=-87  realized=-36  net=-122
[23:04:55] [A-PNL] FILL BUY  25x A @ 1141  pos=+100  fv=1148  edge=+6
[23:04:55] [A-PNL] ── Status (11 trades) ──
  A: pos=+100  cost=+114323  val=+114250  uPnL=-73  fv=1148  mid=1142
  TOTAL: uPnL=-73  realized=-36  net=-108
[23:04:55] [A-PNL] FILL SELL 5x A @ 1141  pos=+100  fv=1148  edge=-6
[23:04:55] [A-PNL] ── Status (12 trades) ──
  A: pos=+100  cost=+114323  val=+114100  uPnL=-223  fv=1148  mid=1141
  TOTAL: uPnL=-223  realized=-47  net=-270
[23:04:56] [A-PNL] FILL SELL 5x A @ 1137  pos=+100  fv=1148  edge=-10
[23:04:56] [A-PNL] ── Status (13 trades) ──
  A: pos=+100  cost=+114323  val=+113700  uPnL=-623  fv=1148  mid=1137
  TOTAL: uPnL=-623  realized=-78  net=-701
[23:04:57] [A-PNL] FILL SELL 5x A @ 1136  pos=+100  fv=1148  edge=-12
[23:04:57] [A-PNL] ── Status (14 trades) ──
  A: pos=+100  cost=+114323  val=+113600  uPnL=-723  fv=1148  mid=1136
  TOTAL: uPnL=-723  realized=-114  net=-837
[23:04:58] [A-PNL] FILL SELL 5x A @ 1138  pos=+100  fv=1148  edge=-10
[23:04:58] [A-PNL] ── Status (15 trades) ──
  A: pos=+100  cost=+114323  val=+113800  uPnL=-523  fv=1148  mid=1138
  TOTAL: uPnL=-523  realized=-140  net=-663
[23:04:59] [A-PNL] FILL SELL 5x A @ 1131  pos=+105  fv=1148  edge=-16
[23:04:59] [A-PNL] ── Status (16 trades) ──
  A: pos=+105  cost=+120039  val=+118755  uPnL=-1284  fv=1148  mid=1131
  TOTAL: uPnL=-1284  realized=-201  net=-1485
[23:05:00] [A-PNL] FILL SELL 5x A @ 1128  pos=+105  fv=1148  edge=-20
[23:05:00] [A-PNL] ── Status (17 trades) ──
  A: pos=+105  cost=+120039  val=+118545  uPnL=-1494  fv=1148  mid=1129
  TOTAL: uPnL=-1494  realized=-277  net=-1771
[23:05:00] [A-PNL] FILL SELL 5x A @ 1129  pos=+105  fv=1148  edge=-18
[23:05:00] [A-PNL] ── Status (18 trades) ──
  A: pos=+105  cost=+120039  val=+118545  uPnL=-1494  fv=1148  mid=1129
  TOTAL: uPnL=-1494  realized=-349  net=-1843
[23:05:01] [A-PNL] FILL SELL 5x A @ 1130  pos=+105  fv=1148  edge=-18
[23:05:01] [A-PNL] ── Status (19 trades) ──
  A: pos=+105  cost=+120039  val=+118650  uPnL=-1389  fv=1148  mid=1130
  TOTAL: uPnL=-1389  realized=-415  net=-1804
[23:05:01] [A-PNL] FILL SELL 5x A @ 1130  pos=+105  fv=1148  edge=-18
[23:05:01] [A-PNL] ── Status (20 trades) ──
  A: pos=+105  cost=+120039  val=+118650  uPnL=-1389  fv=1148  mid=1130
  TOTAL: uPnL=-1389  realized=-481  net=-1870
[23:05:02] [A-PNL] FILL SELL 10x A @ 1136  pos=+95  fv=1148  edge=-12
[23:05:02] [A-PNL] ── Status (21 trades) ──
  A: pos=+95  cost=+108607  val=+108015  uPnL=-592  fv=1148  mid=1137
  TOTAL: uPnL=-592  realized=-553  net=-1145
[23:05:02] [A-PNL] FILL BUY  5x A @ 1143  pos=+100  fv=1148  edge=+4
[23:05:02] [A-PNL] ── Status (22 trades) ──
  A: pos=+100  cost=+114320  val=+114300  uPnL=-20  fv=1148  mid=1143
  TOTAL: uPnL=-20  realized=-553  net=-573
[23:05:03] [A-PNL] FILL SELL 5x A @ 1132  pos=+100  fv=1148  edge=-16
[23:05:03] [A-PNL] ── Status (23 trades) ──
  A: pos=+100  cost=+114320  val=+113200  uPnL=-1120  fv=1148  mid=1132
  TOTAL: uPnL=-1120  realized=-609  net=-1729
[23:05:03] [A-PNL] FILL SELL 5x A @ 1132  pos=+100  fv=1148  edge=-16
[23:05:03] [A-PNL] ── Status (24 trades) ──
  A: pos=+100  cost=+114320  val=+113200  uPnL=-1120  fv=1148  mid=1132
  TOTAL: uPnL=-1120  realized=-665  net=-1785
[23:05:04] [A-PNL] FILL SELL 5x A @ 1131  pos=+100  fv=1148  edge=-16
[23:05:04] [A-PNL] ── Status (25 trades) ──
  A: pos=+100  cost=+114320  val=+113100  uPnL=-1220  fv=1148  mid=1131
  TOTAL: uPnL=-1220  realized=-726  net=-1946
[23:05:04] [A-PNL] FILL SELL 5x A @ 1136  pos=+100  fv=1148  edge=-12
[23:05:04] [A-PNL] ── Status (26 trades) ──
  A: pos=+100  cost=+114320  val=+113600  uPnL=-720  fv=1148  mid=1136
  TOTAL: uPnL=-720  realized=-762  net=-1482
[23:05:05] [A-PNL] FILL SELL 30x A @ 1133  pos=+70  fv=1053  edge=+80
[23:05:05] [A-PNL] ── Status (27 trades) ──
  A: pos=+70  cost=+79310  val=+79310  uPnL=+0  fv=1053  mid=1133
  TOTAL: uPnL=+0  realized=-915  net=-915
[23:05:05] [A-PNL] FILL SELL 10x A @ 1133  pos=+60  fv=1053  edge=+80
[23:05:05] [A-PNL] ── Status (28 trades) ──
  A: pos=+60  cost=+67980  val=+67950  uPnL=-30  fv=1053  mid=1132
  TOTAL: uPnL=-30  realized=-915  net=-945
[23:05:05] [A-PNL] FILL SELL 20x A @ 1132  pos=+40  fv=1053  edge=+79
[23:05:05] [A-PNL] ── Status (29 trades) ──
  A: pos=+40  cost=+45302  val=+45300  uPnL=-2  fv=1053  mid=1132
  TOTAL: uPnL=-2  realized=-915  net=-917
[23:05:05] [A-PNL] FILL SELL 30x A @ 1132  pos=+10  fv=1053  edge=+79
[23:05:05] [A-PNL] ── Status (30 trades) ──
  A: pos=+10  cost=+11323  val=+11315  uPnL=-8  fv=1053  mid=1132
  TOTAL: uPnL=-8  realized=-915  net=-923
[23:05:05] [A-PNL] FILL SELL 10x A @ 1132  pos=+0  fv=1053  edge=+79
[23:05:05] [A-PNL] ── Status (31 trades) ──
  A: pos=+0  cost=+0  val=+0  uPnL=+0  fv=1053  mid=1131
  TOTAL: uPnL=+0  realized=-915  net=-915
[23:05:05] [A-PNL] FILL SELL 20x A @ 1131  pos=-20  fv=1053  edge=+78
[23:05:05] [A-PNL] ── Status (32 trades) ──
  A: pos=-20  cost=-22641  val=-22620  uPnL=+21  fv=1053  mid=1131
  TOTAL: uPnL=+21  realized=-915  net=-894
[23:05:05] [A-PNL] FILL SELL 30x A @ 1131  pos=-45  fv=1053  edge=+78
[23:05:05] [A-PNL] ── Status (33 trades) ──
  A: pos=-45  cost=-50932  val=-50895  uPnL=+37  fv=1053  mid=1131
  TOTAL: uPnL=+37  realized=-915  net=-878
[23:05:05] [A-PNL] FILL SELL 30x A @ 1131  pos=-75  fv=1053  edge=+78
[23:05:05] [A-PNL] ── Status (34 trades) ──
  A: pos=-75  cost=-84875  val=-84788  uPnL=+88  fv=1053  mid=1130
  TOTAL: uPnL=+88  realized=-915  net=-828
[23:05:05] [A-PNL] FILL SELL 25x A @ 1132  pos=-100  fv=1053  edge=+79
[23:05:05] [A-PNL] ── Status (35 trades) ──
  A: pos=-100  cost=-113171  val=-113200  uPnL=-29  fv=1053  mid=1132
  TOTAL: uPnL=-29  realized=-915  net=-944
[23:05:05] [A-PNL] FILL SELL 15x A @ 1132  pos=-115  fv=1053  edge=+79
[23:05:05] [A-PNL] ── Status (36 trades) ──
  A: pos=-115  cost=-130149  val=-130122  uPnL=+27  fv=1053  mid=1132
  TOTAL: uPnL=+27  realized=-915  net=-888
[23:05:05] [A-PNL] FILL SELL 10x A @ 1131  pos=-125  fv=1053  edge=+78
[23:05:05] [A-PNL] ── Status (37 trades) ──
  A: pos=-125  cost=-141462  val=-141438  uPnL=+25  fv=1053  mid=1132
  TOTAL: uPnL=+25  realized=-915  net=-890
[23:05:05] [A-PNL] FILL SELL 25x A @ 1131  pos=-150  fv=1053  edge=+78
[23:05:05] [A-PNL] ── Status (38 trades) ──
  A: pos=-150  cost=-169744  val=-169575  uPnL=+169  fv=1053  mid=1130
  TOTAL: uPnL=+169  realized=-915  net=-746
[23:05:05] [A-PNL] FILL SELL 25x A @ 1131  pos=-175  fv=1053  edge=+78
[23:05:05] [A-PNL] ── Status (39 trades) ──
  A: pos=-175  cost=-198024  val=-197750  uPnL=+274  fv=1053  mid=1130
  TOTAL: uPnL=+274  realized=-915  net=-641
[23:05:30] [A-PNL] FILL SELL 5x A @ 1146  pos=-95  fv=1021  edge=+125
[23:05:30] [A-PNL] ── Status (40 trades) ──
  A: pos=-95  cost=-107524  val=-108870  uPnL=-1346  fv=1021  mid=1146
  TOTAL: uPnL=-1346  realized=-915  net=-2261
[23:05:30] [A-PNL] FILL SELL 5x A @ 1146  pos=-100  fv=1021  edge=+125
[23:05:30] [A-PNL] ── Status (41 trades) ──
  A: pos=-100  cost=-113209  val=-114600  uPnL=-1391  fv=1021  mid=1146
  TOTAL: uPnL=-1391  realized=-915  net=-2306
[23:05:31] [A-PNL] FILL SELL 5x A @ 1141  pos=-100  fv=1021  edge=+120
[23:05:31] [A-PNL] ── Status (42 trades) ──
  A: pos=-100  cost=-113225  val=-114100  uPnL=-875  fv=1021  mid=1141
  TOTAL: uPnL=-875  realized=-915  net=-1790
[23:05:31] [A-PNL] FILL SELL 5x A @ 1131  pos=-95  fv=1021  edge=+110
[23:05:31] [A-PNL] ── Status (43 trades) ──
  A: pos=-95  cost=-107562  val=-107445  uPnL=+117  fv=1021  mid=1131
  TOTAL: uPnL=+117  realized=-915  net=-798
[23:05:32] [A-PNL] FILL SELL 5x A @ 1131  pos=-100  fv=1021  edge=+110
[23:05:32] [A-PNL] ── Status (44 trades) ──
  A: pos=-100  cost=-113221  val=-113100  uPnL=+121  fv=1021  mid=1131
  TOTAL: uPnL=+121  realized=-915  net=-794
[23:05:32] [A-PNL] FILL SELL 5x A @ 1127  pos=-100  fv=1021  edge=+106
[23:05:32] [A-PNL] ── Status (45 trades) ──
  A: pos=-100  cost=-113212  val=-112700  uPnL=+512  fv=1021  mid=1127
  TOTAL: uPnL=+512  realized=-915  net=-403
[23:05:33] [A-PNL] FILL SELL 5x A @ 1120  pos=-95  fv=1021  edge=+99
[23:05:33] [A-PNL] ── Status (46 trades) ──
  A: pos=-95  cost=-107532  val=-106400  uPnL=+1132  fv=1021  mid=1120
  TOTAL: uPnL=+1132  realized=-915  net=+217
[23:05:33] [A-PNL] FILL SELL 5x A @ 1117  pos=-100  fv=1021  edge=+96
[23:05:33] [A-PNL] ── Status (47 trades) ──
  A: pos=-100  cost=-113167  val=-111700  uPnL=+1467  fv=1021  mid=1117
  TOTAL: uPnL=+1467  realized=-915  net=+552
[23:05:34] [A-PNL] FILL SELL 5x A @ 1119  pos=-100  fv=1021  edge=+98
[23:05:34] [A-PNL] ── Status (48 trades) ──
  A: pos=-100  cost=-113147  val=-111900  uPnL=+1247  fv=1021  mid=1119
  TOTAL: uPnL=+1247  realized=-915  net=+332
[23:05:34] [A-PNL] FILL SELL 5x A @ 1113  pos=-100  fv=1021  edge=+92
[23:05:34] [A-PNL] ── Status (49 trades) ──
  A: pos=-100  cost=-113117  val=-111300  uPnL=+1817  fv=1021  mid=1113
  TOTAL: uPnL=+1817  realized=-915  net=+902
[23:05:35] [A-PNL] FILL SELL 5x A @ 1112  pos=-100  fv=1021  edge=+91
[23:05:35] [A-PNL] ── Status (50 trades) ──
  A: pos=-100  cost=-113088  val=-111200  uPnL=+1888  fv=1021  mid=1112
  TOTAL: uPnL=+1888  realized=-915  net=+972
[23:05:36] [A-PNL] FILL SELL 5x A @ 1108  pos=-100  fv=1021  edge=+87
[23:05:36] [A-PNL] ── Status (51 trades) ──
  A: pos=-100  cost=-113052  val=-110800  uPnL=+2252  fv=1021  mid=1108
  TOTAL: uPnL=+2252  realized=-915  net=+1337
[23:05:36] [A-PNL] FILL SELL 5x A @ 1104  pos=-100  fv=1021  edge=+83
[23:05:36] [A-PNL] ── Status (52 trades) ──
  A: pos=-100  cost=-113012  val=-110400  uPnL=+2612  fv=1021  mid=1104
  TOTAL: uPnL=+2612  realized=-915  net=+1697
[23:05:37] [A-PNL] FILL SELL 5x A @ 1104  pos=-95  fv=1021  edge=+83
[23:05:37] [A-PNL] ── Status (53 trades) ──
  A: pos=-95  cost=-107324  val=-104880  uPnL=+2444  fv=1021  mid=1104
  TOTAL: uPnL=+2444  realized=-915  net=+1529
[23:05:37] [A-PNL] FILL SELL 5x A @ 1104  pos=-100  fv=1021  edge=+83
[23:05:37] [A-PNL] ── Status (54 trades) ──
  A: pos=-100  cost=-112935  val=-110400  uPnL=+2535  fv=1021  mid=1104
  TOTAL: uPnL=+2535  realized=-915  net=+1620
[23:05:37] [A-PNL] FILL SELL 5x A @ 1103  pos=-100  fv=1021  edge=+82
[23:05:37] [A-PNL] ── Status (55 trades) ──
  A: pos=-100  cost=-112897  val=-110300  uPnL=+2597  fv=1021  mid=1103
  TOTAL: uPnL=+2597  realized=-915  net=+1682
[23:05:38] [A-PNL] FILL SELL 5x A @ 1093  pos=-95  fv=1021  edge=+72
[23:05:38] [A-PNL] ── Status (56 trades) ──
  A: pos=-95  cost=-107203  val=-103835  uPnL=+3368  fv=1021  mid=1093
  TOTAL: uPnL=+3368  realized=-915  net=+2453
[23:05:38] [A-PNL] FILL SELL 5x A @ 1095  pos=-100  fv=1021  edge=+74
[23:05:38] [A-PNL] ── Status (57 trades) ──
  A: pos=-100  cost=-112799  val=-109400  uPnL=+3399  fv=1021  mid=1094
  TOTAL: uPnL=+3399  realized=-915  net=+2484
[23:05:39] [A-PNL] FILL SELL 5x A @ 1092  pos=-100  fv=1021  edge=+71
[23:05:39] [A-PNL] ── Status (58 trades) ──
  A: pos=-100  cost=-112749  val=-109200  uPnL=+3549  fv=1021  mid=1092
  TOTAL: uPnL=+3549  realized=-915  net=+2634
[23:05:40] [A-PNL] FILL SELL 5x A @ 1094  pos=-100  fv=1021  edge=+73
[23:05:40] [A-PNL] ── Status (59 trades) ──
  A: pos=-100  cost=-112703  val=-109400  uPnL=+3303  fv=1021  mid=1094
  TOTAL: uPnL=+3303  realized=-915  net=+2388
[23:05:40] [A-PNL] FILL SELL 5x A @ 1094  pos=-100  fv=1021  edge=+73
[23:05:40] [A-PNL] ── Status (60 trades) ──
  A: pos=-100  cost=-112658  val=-109400  uPnL=+3258  fv=1021  mid=1094
  TOTAL: uPnL=+3258  realized=-915  net=+2343
[23:05:41] [A-PNL] FILL SELL 5x A @ 1095  pos=-100  fv=1021  edge=+74
[23:05:41] [A-PNL] ── Status (61 trades) ──
  A: pos=-100  cost=-112616  val=-109500  uPnL=+3116  fv=1021  mid=1095
  TOTAL: uPnL=+3116  realized=-915  net=+2201
[23:05:42] [A-PNL] FILL SELL 5x A @ 1098  pos=-100  fv=1021  edge=+77
[23:05:42] [A-PNL] ── Status (62 trades) ──
  A: pos=-100  cost=-112579  val=-109800  uPnL=+2779  fv=1021  mid=1098
  TOTAL: uPnL=+2779  realized=-915  net=+1864
[23:05:43] [A-PNL] FILL SELL 5x A @ 1096  pos=-100  fv=1021  edge=+75
[23:05:43] [A-PNL] ── Status (63 trades) ──
  A: pos=-100  cost=-112540  val=-109600  uPnL=+2940  fv=1021  mid=1096
  TOTAL: uPnL=+2940  realized=-915  net=+2025
[23:05:43] [A-PNL] FILL SELL 5x A @ 1097  pos=-100  fv=1021  edge=+76
[23:05:43] [A-PNL] ── Status (64 trades) ──
  A: pos=-100  cost=-112504  val=-109700  uPnL=+2804  fv=1021  mid=1097
  TOTAL: uPnL=+2804  realized=-915  net=+1889
[23:05:44] [A-PNL] FILL SELL 5x A @ 1105  pos=-100  fv=1021  edge=+84
[23:05:44] [A-PNL] ── Status (65 trades) ──
  A: pos=-100  cost=-112478  val=-110250  uPnL=+2228  fv=1021  mid=1102
  TOTAL: uPnL=+2228  realized=-915  net=+1313
[23:05:44] [A-PNL] FILL SELL 5x A @ 1103  pos=-100  fv=1021  edge=+82
[23:05:44] [A-PNL] ── Status (66 trades) ──
  A: pos=-100  cost=-112451  val=-110300  uPnL=+2151  fv=1021  mid=1103
  TOTAL: uPnL=+2151  realized=-915  net=+1236
[23:05:45] [A-PNL] FILL SELL 5x A @ 1107  pos=-100  fv=1021  edge=+86
[23:05:45] [A-PNL] ── Status (67 trades) ──
  A: pos=-100  cost=-112430  val=-110700  uPnL=+1730  fv=1021  mid=1107
  TOTAL: uPnL=+1730  realized=-915  net=+815
[23:05:45] [A-PNL] FILL SELL 5x A @ 1108  pos=-100  fv=1021  edge=+87
[23:05:45] [A-PNL] ── Status (68 trades) ──
  A: pos=-100  cost=-112410  val=-110800  uPnL=+1610  fv=1021  mid=1108
  TOTAL: uPnL=+1610  realized=-915  net=+695
[23:05:47] [A-PNL] FILL SELL 5x A @ 1107  pos=-100  fv=1021  edge=+86
[23:05:47] [A-PNL] ── Status (69 trades) ──
  A: pos=-100  cost=-112389  val=-110700  uPnL=+1689  fv=1021  mid=1107
  TOTAL: uPnL=+1689  realized=-915  net=+774
[23:05:47] [A-PNL] FILL SELL 5x A @ 1106  pos=-100  fv=1021  edge=+85
[23:05:47] [A-PNL] ── Status (70 trades) ──
  A: pos=-100  cost=-112368  val=-110600  uPnL=+1768  fv=1021  mid=1106
  TOTAL: uPnL=+1768  realized=-915  net=+853
[23:05:51] [A-PNL] FILL SELL 5x A @ 1110  pos=-100  fv=1021  edge=+89
[23:05:51] [A-PNL] ── Status (71 trades) ──
  A: pos=-100  cost=-112352  val=-111000  uPnL=+1352  fv=1021  mid=1110
  TOTAL: uPnL=+1352  realized=-915  net=+437
[23:05:52] [A-PNL] FILL SELL 5x A @ 1110  pos=-100  fv=1021  edge=+89
[23:05:52] [A-PNL] ── Status (72 trades) ──
  A: pos=-100  cost=-112336  val=-111000  uPnL=+1336  fv=1021  mid=1110
  TOTAL: uPnL=+1336  realized=-915  net=+421
[23:05:52] [A-PNL] FILL SELL 5x A @ 1119  pos=-95  fv=1021  edge=+98
[23:05:52] [A-PNL] ── Status (73 trades) ──
  A: pos=-95  cost=-106714  val=-106305  uPnL=+409  fv=1021  mid=1119
  TOTAL: uPnL=+409  realized=-915  net=-506
[23:05:52] [A-PNL] FILL SELL 5x A @ 1119  pos=-100  fv=1021  edge=+98
[23:05:52] [A-PNL] ── Status (74 trades) ──
  A: pos=-100  cost=-112326  val=-111900  uPnL=+426  fv=1021  mid=1119
  TOTAL: uPnL=+426  realized=-915  net=-489
[23:05:54] [A-PNL] FILL SELL 10x A @ 1111  pos=-100  fv=1021  edge=+90
[23:05:54] [A-PNL] ── Status (75 trades) ──
  A: pos=-100  cost=-112299  val=-111100  uPnL=+1199  fv=1021  mid=1111
  TOTAL: uPnL=+1199  realized=-915  net=+284
[23:05:54] [A-PNL] FILL SELL 5x A @ 1112  pos=-105  fv=1021  edge=+91
[23:05:54] [A-PNL] ── Status (76 trades) ──
  A: pos=-105  cost=-117901  val=-116760  uPnL=+1141  fv=1021  mid=1112
  TOTAL: uPnL=+1141  realized=-915  net=+226
[23:05:55] [A-PNL] FILL SELL 5x A @ 1107  pos=-100  fv=1021  edge=+86
[23:05:55] [A-PNL] ── Status (77 trades) ──
  A: pos=-100  cost=-112270  val=-110700  uPnL=+1570  fv=1021  mid=1107
  TOTAL: uPnL=+1570  realized=-915  net=+655
[23:05:56] [A-PNL] FILL SELL 5x A @ 1109  pos=-100  fv=1021  edge=+88
[23:05:56] [A-PNL] ── Status (78 trades) ──
  A: pos=-100  cost=-112255  val=-110900  uPnL=+1355  fv=1021  mid=1109
  TOTAL: uPnL=+1355  realized=-915  net=+440
[23:05:56] [A-PNL] FILL SELL 5x A @ 1111  pos=-100  fv=1021  edge=+90
[23:05:56] [A-PNL] ── Status (79 trades) ──
  A: pos=-100  cost=-112243  val=-111100  uPnL=+1143  fv=1021  mid=1111
  TOTAL: uPnL=+1143  realized=-915  net=+228
[23:05:56] [A-PNL] FILL SELL 5x A @ 1110  pos=-100  fv=1021  edge=+89
[23:05:56] [A-PNL] ── Status (80 trades) ──
  A: pos=-100  cost=-112229  val=-111000  uPnL=+1229  fv=1021  mid=1110
  TOTAL: uPnL=+1229  realized=-915  net=+314
[23:05:57] [A-PNL] FILL SELL 5x A @ 1113  pos=-100  fv=1021  edge=+92
[23:05:57] [A-PNL] ── Status (81 trades) ──
  A: pos=-100  cost=-112220  val=-111300  uPnL=+920  fv=1021  mid=1113
  TOTAL: uPnL=+920  realized=-915  net=+5
[23:05:57] [A-PNL] FILL SELL 5x A @ 1118  pos=-100  fv=1021  edge=+97
[23:05:57] [A-PNL] ── Status (82 trades) ──
  A: pos=-100  cost=-112215  val=-111650  uPnL=+565  fv=1021  mid=1116
  TOTAL: uPnL=+565  realized=-915  net=-350
[23:05:58] [A-PNL] FILL SELL 5x A @ 1117  pos=-100  fv=1021  edge=+96
[23:05:58] [A-PNL] ── Status (83 trades) ──
  A: pos=-100  cost=-112210  val=-111700  uPnL=+510  fv=1021  mid=1117
  TOTAL: uPnL=+510  realized=-915  net=-405
[23:05:59] [A-PNL] FILL SELL 5x A @ 1113  pos=-100  fv=1021  edge=+92
[23:05:59] [A-PNL] ── Status (84 trades) ──
  A: pos=-100  cost=-112201  val=-111300  uPnL=+901  fv=1021  mid=1113
  TOTAL: uPnL=+901  realized=-915  net=-14
