[21:03:42] [NEWS] unstructured type='FedSpeak': Fed chair highlights cooling labor market and easing inflation pressures.
[21:03:42] [NEWS] *** UNKNOWN 'FedSpeak': Fed chair highlights cooling labor market and easing inflation pressures.
[21:04:05] [NEWS] unstructured type='FedSpeak': Economic signals remain contradictory, keeping the committee in wait-and-see mode.
[21:04:05] [NEWS] *** UNKNOWN 'FedSpeak': Economic signals remain contradictory, keeping the committee in wait-and-see mode.
[21:04:30] [NEWS] unstructured type='FedSpeak': Slowing GDP growth raises questions about how long the Fed can hold steady.
[21:04:30] [NEWS] *** UNKNOWN 'FedSpeak': Slowing GDP growth raises questions about how long the Fed can hold steady.
[21:05:12] [NEWS] unstructured type='FedSpeak': Fed chair looks concerned about wage growth and persistent inflation.
[21:05:12] [NEWS] *** UNKNOWN 'FedSpeak': Fed chair looks concerned about wage growth and persistent inflation.
[21:05:35] [NEWS] unstructured type='FedSpeak': Officials describe current policy as appropriate given the uncertain outlook.
[21:05:35] [NEWS] *** UNKNOWN 'FedSpeak': Officials describe current policy as appropriate given the uncertain outlook.
[21:06:00] [NEWS] unstructured type='FedSpeak': Officials describe current policy as appropriate given the uncertain outlook.
[21:06:00] [NEWS] *** UNKNOWN 'FedSpeak': Officials describe current policy as appropriate given the uncertain outlook.
[21:06:21] [NEWS] unstructured type='News': A receives substantial funding from prominent venture firm.
[21:06:21] [NEWS] *** UNKNOWN 'News': A receives substantial funding from prominent venture firm.
[21:06:42] [NEWS] unstructured type='FedSpeak': Fed chair declines to commit to a timeline for any policy change.
[21:06:42] [NEWS] *** UNKNOWN 'FedSpeak': Fed chair declines to commit to a timeline for any policy change.
[21:07:05] [NEWS] unstructured type='FedSpeak': Policymakers warn premature easing could reignite price pressures.
[21:07:05] [NEWS] *** UNKNOWN 'FedSpeak': Policymakers warn premature easing could reignite price pressures.
[21:07:16] [NEWS] unstructured type='News': Rising operational costs begin to erode profitability at A.
[21:07:16] [NEWS] *** UNKNOWN 'News': Rising operational costs begin to erode profitability at A.
[21:07:30] [NEWS] unstructured type='FedSpeak': Press conference raises more questions than answers on the rate trajectory.
[21:07:30] [NEWS] *** UNKNOWN 'FedSpeak': Press conference raises more questions than answers on the rate trajectory.
[21:08:12] [NEWS] unstructured type='FedSpeak': Fed keeps options open as inflation and growth signals conflict.
[21:08:12] [NEWS] *** UNKNOWN 'FedSpeak': Fed keeps options open as inflation and growth signals conflict.
[21:08:35] [NEWS] unstructured type='FedSpeak': Rising unemployment claims add urgency to the case for rate relief.
[21:08:35] [NEWS] *** UNKNOWN 'FedSpeak': Rising unemployment claims add urgency to the case for rate relief.
[21:08:57] [NEWS] unstructured type='News': A faces increased competition eroding profitability.
[21:08:57] [NEWS] *** UNKNOWN 'News': A faces increased competition eroding profitability.
[21:09:00] [NEWS] unstructured type='FedSpeak': Fed chair reiterates data dependence; no clear signal on next move.
[21:09:00] [NEWS] *** UNKNOWN 'FedSpeak': Fed chair reiterates data dependence; no clear signal on next move.
[21:09:42] [NEWS] unstructured type='FedSpeak': Inflation ticking lower but not fast enough to settle the debate.
[21:09:42] [NEWS] *** UNKNOWN 'FedSpeak': Inflation ticking lower but not fast enough to settle the debate.
[21:10:05] [NEWS] unstructured type='FedSpeak': Policymakers warn premature easing could reignite price pressures.
[21:10:05] [NEWS] *** UNKNOWN 'FedSpeak': Policymakers warn premature easing could reignite price pressures.
[21:10:30] [NEWS] unstructured type='FedSpeak': Fed watchers divided after statement offers something for hawks and doves alike.
[21:10:30] [NEWS] *** UNKNOWN 'FedSpeak': Fed watchers divided after statement offers something for hawks and doves alike.
[21:11:12] [NEWS] unstructured type='FedSpeak': Officials note downside growth risks; markets lean toward cuts.
[21:11:12] [NEWS] *** UNKNOWN 'FedSpeak': Officials note downside growth risks; markets lean toward cuts.
[21:11:35] [NEWS] unstructured type='FedSpeak': Fed chair says the committee is not in a hurry to adjust rates in either direction.
[21:11:35] [NEWS] *** UNKNOWN 'FedSpeak': Fed chair says the committee is not in a hurry to adjust rates in either direction.
[21:12:00] [NEWS] unstructured type='FedSpeak': Fed acknowledges progress on inflation but flags lingering uncertainties.
[21:12:00] [NEWS] *** UNKNOWN 'FedSpeak': Fed acknowledges progress on inflation but flags lingering uncertainties.
[21:12:42] [NEWS] unstructured type='FedSpeak': Committee members express a wide range of views on the neutral rate.
[21:12:42] [NEWS] *** UNKNOWN 'FedSpeak': Committee members express a wide range of views on the neutral rate.
[21:13:05] [NEWS] unstructured type='FedSpeak': Fed watchers divided after statement offers something for hawks and doves alike.
[21:13:05] [NEWS] *** UNKNOWN 'FedSpeak': Fed watchers divided after statement offers something for hawks and doves alike.
[21:13:30] [NEWS] unstructured type='FedSpeak': Rising unemployment claims add urgency to the case for rate relief.
[21:13:30] [NEWS] *** UNKNOWN 'FedSpeak': Rising unemployment claims add urgency to the case for rate relief.
[21:14:12] [NEWS] unstructured type='FedSpeak': Strong payrolls data reinforces expectation that policy will stay firm.
[21:14:12] [NEWS] *** UNKNOWN 'FedSpeak': Strong payrolls data reinforces expectation that policy will stay firm.
[21:14:35] [NEWS] unstructured type='FedSpeak': Tight labor market and rising wages reinforce hawkish Fed stance.
[21:14:35] [NEWS] *** UNKNOWN 'FedSpeak': Tight labor market and rising wages reinforce hawkish Fed stance.
[21:15:00] [NEWS] unstructured type='FedSpeak': Softening data raises expectations of policy easing.
[21:15:00] [NEWS] *** UNKNOWN 'FedSpeak': Softening data raises expectations of policy easing.
[21:15:42] [NEWS] unstructured type='FedSpeak': Fed minutes show growing consensus that restrictive stance may no longer be needed.
[21:15:42] [NEWS] *** UNKNOWN 'FedSpeak': Fed minutes show growing consensus that restrictive stance may no longer be needed.
[21:16:05] [NEWS] unstructured type='FedSpeak': Fed chair reiterates data dependence; no clear signal on next move.
[21:16:05] [NEWS] *** UNKNOWN 'FedSpeak': Fed chair reiterates data dependence; no clear signal on next move.
[21:16:13] [MARKET] fed_decision resolved → R_HOLD @ tick 4139
