[23:04:47] [TRADE] ETF 40 @ 3118
[23:04:47] [TRADE] ETF 60 @ 3118
[23:04:47] [TRADE] ETF 40 @ 3118
[23:04:47] [TRADE] ETF 40 @ 3119
[23:04:47] [TRADE] ETF 20 @ 3119
[23:04:47] [TRADE] R_HIKE 40 @ 340
[23:04:47] [TRADE] R_HIKE 60 @ 339
[23:04:47] [TRADE] R_CUT 40 @ 260
[23:04:47] [TRADE] R_HIKE 80 @ 339
[23:04:47] [TRADE] R_HIKE 40 @ 337
[23:04:47] [TRADE] R_CUT 40 @ 263
[23:04:47] [TRADE] R_HIKE 60 @ 337
[23:04:47] [TRADE] R_CUT 60 @ 263
[23:04:47] [TRADE] ETF 40 @ 3119
[23:04:47] [TRADE] ETF 60 @ 3118
[23:04:47] [TRADE] R_HIKE 40 @ 328
[23:04:47] [TRADE] R_HIKE 60 @ 328
[23:04:47] [TRADE] ETF 80 @ 3117
[23:04:47] [TRADE] R_CUT 40 @ 270
[23:04:48] [TRADE] ETF 40 @ 3116
[23:04:48] [TRADE] ETF 60 @ 3116
[23:04:48] [TRADE] C 10 @ 976
[23:04:48] [TRADE] C 10 @ 976
[23:04:48] [TRADE] ETF 40 @ 3114
[23:04:48] [TRADE] ETF 40 @ 3114
[23:04:48] [TRADE] C 10 @ 975
[23:04:48] [TRADE] ETF 40 @ 3115
[23:04:48] [TRADE] ETF 60 @ 3115
[23:04:48] [TRADE] C 10 @ 974
[23:04:49] [TRADE] ETF 40 @ 3121
[23:04:49] [TRADE] ETF 60 @ 3122
[23:04:49] [TRADE] ETF 80 @ 3123
[23:04:49] [TRADE] ETF 20 @ 3123
[23:04:49] [TRADE] ETF 80 @ 3123
[23:04:49] [TRADE] ETF 40 @ 3124
[23:04:49] [TRADE] ETF 60 @ 3124
[23:04:49] [TRADE] C 10 @ 973
[23:04:49] [TRADE] ETF 80 @ 3128
[23:04:49] [TRADE] ETF 53 @ 3127
[23:04:49] [TRADE] C 10 @ 972
[23:04:49] [TRADE] ETF 40 @ 3123
[23:04:49] [TRADE] ETF 60 @ 3123
[23:04:49] [TRADE] ETF 40 @ 3123
[23:04:49] [TRADE] ETF 40 @ 3122
[23:04:49] [TRADE] C 10 @ 972
[23:04:50] [TRADE] ETF 40 @ 3120
[23:04:50] [TRADE] ETF 60 @ 3120
[23:04:50] [TRADE] ETF 80 @ 3119
[23:04:50] [TRADE] ETF 40 @ 3111
[23:04:50] [TRADE] ETF 60 @ 3111
[23:04:50] [TRADE] ETF 40 @ 3111
[23:04:50] [TRADE] ETF 40 @ 3110
[23:04:50] [TRADE] C 10 @ 973
[23:04:50] [TRADE] ETF 40 @ 3108
[23:04:50] [TRADE] ETF 60 @ 3108
[23:04:51] [TRADE] ETF 40 @ 3109
[23:04:52] [TRADE] ETF 8 @ 3113
[23:04:52] [TRADE] ETF 32 @ 3113
[23:04:52] [TRADE] ETF 100 @ 3116
[23:04:52] [TRADE] ETF 33 @ 3119
[23:04:52] [TRADE] ETF 40 @ 3120
[23:04:52] [TRADE] ETF 60 @ 3121
[23:04:52] [TRADE] ETF 80 @ 3122
[23:04:52] [TRADE] ETF 20 @ 3122
[23:04:52] [TRADE] ETF 80 @ 3122
[23:04:52] [TRADE] ETF 5 @ 3123
[23:04:52] [TRADE] A 5 @ 1146
[23:04:52] [TRADE] B 5 @ 998
[23:04:52] [TRADE] C 5 @ 975
[23:04:52] [TRADE] ETF 40 @ 3123
[23:04:52] [TRADE] ETF 55 @ 3123
[23:04:53] [TRADE] C 40 @ 974
[23:04:53] [TRADE] C 60 @ 973
[23:04:53] [TRADE] C 33 @ 972
[23:04:53] [TRADE] ETF 8 @ 3134
[23:04:53] [TRADE] ETF 40 @ 3130
[23:04:53] [TRADE] ETF 60 @ 3130
[23:04:53] [TRADE] ETF 40 @ 3128
[23:04:53] [TRADE] ETF 40 @ 3128
[23:04:53] [TRADE] ETF 60 @ 3129
[23:04:53] [TRADE] A 5 @ 1146
[23:04:53] [TRADE] ETF 40 @ 3129
[23:04:53] [TRADE] A 30 @ 1145
[23:04:53] [TRADE] ETF 5 @ 3135
[23:04:53] [TRADE] A 5 @ 1139
[23:04:53] [TRADE] B 5 @ 1000
[23:04:53] [TRADE] C 5 @ 975
[23:04:54] [TRADE] A 10 @ 1144
[23:04:54] [TRADE] ETF 40 @ 3129
[23:04:54] [TRADE] ETF 60 @ 3128
[23:04:54] [TRADE] ETF 33 @ 3128
[23:04:54] [TRADE] ETF 40 @ 3128
[23:04:54] [TRADE] ETF 27 @ 3128
[23:04:54] [TRADE] ETF 40 @ 3126
[23:04:54] [TRADE] ETF 60 @ 3126
[23:04:54] [TRADE] A 30 @ 1144
[23:04:54] [TRADE] ETF 8 @ 3122
[23:04:54] [TRADE] ETF 40 @ 3118
[23:04:54] [TRADE] ETF 60 @ 3118
[23:04:54] [TRADE] ETF 5 @ 3117
[23:04:54] [TRADE] A 5 @ 1143
[23:04:54] [TRADE] B 5 @ 1004
[23:04:54] [TRADE] C 5 @ 976
[23:04:55] [TRADE] A 40 @ 1140
[23:04:55] [TRADE] A 25 @ 1141
[23:04:55] [TRADE] ETF 8 @ 3120
[23:04:55] [TRADE] ETF 5 @ 3125
[23:04:55] [TRADE] A 5 @ 1141
[23:04:55] [TRADE] B 5 @ 1003
[23:04:55] [TRADE] C 5 @ 978
[23:04:56] [TRADE] ETF 40 @ 3124
[23:04:56] [TRADE] ETF 60 @ 3125
[23:04:56] [TRADE] ETF 80 @ 3126
[23:04:56] [TRADE] ETF 40 @ 3127
[23:04:56] [TRADE] ETF 60 @ 3127
[23:04:56] [TRADE] ETF 40 @ 3130
[23:04:56] [TRADE] ETF 40 @ 3130
[23:04:56] [TRADE] ETF 20 @ 3129
[23:04:56] [TRADE] ETF 40 @ 3129
[23:04:56] [TRADE] ETF 5 @ 3130
[23:04:56] [TRADE] A 5 @ 1137
[23:04:56] [TRADE] B 5 @ 1010
[23:04:56] [TRADE] C 5 @ 978
[23:04:56] [TRADE] ETF 40 @ 3130
[23:04:56] [TRADE] ETF 15 @ 3130
[23:04:57] [TRADE] C 40 @ 976
[23:04:57] [TRADE] C 40 @ 976
[23:04:57] [TRADE] ETF 40 @ 3130
[23:04:57] [TRADE] ETF 5 @ 3130
[23:04:57] [TRADE] ETF 55 @ 3129
[23:04:57] [TRADE] R_HIKE 40 @ 298
[23:04:57] [TRADE] R_HIKE 60 @ 299
[23:04:57] [TRADE] R_HIKE 80 @ 300
[23:04:57] [TRADE] ETF 8 @ 3130
[23:04:57] [TRADE] ETF 8 @ 3127
[23:04:57] [TRADE] ETF 40 @ 3126
[23:04:57] [TRADE] ETF 60 @ 3125
[23:04:57] [TRADE] ETF 17 @ 3124
[23:04:57] [TRADE] R_CUT 40 @ 297
[23:04:57] [TRADE] R_CUT 60 @ 296
[23:04:57] [TRADE] ETF 40 @ 3124
[23:04:57] [TRADE] R_CUT 40 @ 294
[23:04:57] [TRADE] R_HIKE 40 @ 301
[23:04:57] [TRADE] R_CUT 60 @ 294
[23:04:57] [TRADE] ETF 23 @ 3124
[23:04:57] [TRADE] ETF 37 @ 3123
[23:04:57] [TRADE] ETF 63 @ 3123
[23:04:57] [TRADE] ETF 17 @ 3123
[23:04:57] [TRADE] ETF 83 @ 3123
[23:04:57] [TRADE] R_HIKE 60 @ 301
[23:04:57] [TRADE] ETF 5 @ 3121
[23:04:57] [TRADE] B 5 @ 1016
[23:04:57] [TRADE] ETF 5 @ 3112
[23:04:57] [TRADE] A 5 @ 1136
[23:04:57] [TRADE] B 5 @ 1010
[23:04:57] [TRADE] C 5 @ 975
[23:04:57] [TRADE] R_CUT 40 @ 285
[23:04:57] [TRADE] R_CUT 60 @ 285
[23:04:57] [TRADE] R_HIKE 40 @ 312
[23:04:57] [TRADE] R_HIKE 60 @ 312
[23:04:58] [TRADE] B 5 @ 1013
[23:04:58] [TRADE] ETF 5 @ 3120
[23:04:58] [TRADE] R_HIKE 40 @ 319
[23:04:58] [TRADE] R_HIKE 60 @ 319
[23:04:58] [TRADE] B 5 @ 1014
[23:04:58] [TRADE] ETF 5 @ 3118
[23:04:58] [TRADE] ETF 40 @ 3124
[23:04:58] [TRADE] ETF 60 @ 3125
[23:04:58] [TRADE] ETF 80 @ 3126
[23:04:58] [TRADE] ETF 5 @ 3127
[23:04:58] [TRADE] A 5 @ 1138
[23:04:58] [TRADE] B 5 @ 1008
[23:04:58] [TRADE] C 5 @ 973
[23:04:58] [TRADE] B 5 @ 1014
[23:04:58] [TRADE] ETF 5 @ 3126
[23:04:58] [TRADE] ETF 40 @ 3127
[23:04:58] [TRADE] ETF 55 @ 3127
[23:04:58] [TRADE] B 5 @ 1014
[23:04:58] [TRADE] ETF 5 @ 3128
[23:04:59] [TRADE] ETF 5 @ 3135
[23:04:59] [TRADE] B 5 @ 1015
[23:04:59] [TRADE] ETF 5 @ 3129
[23:04:59] [TRADE] C 5 @ 971
[23:04:59] [TRADE] B 5 @ 1009
[23:04:59] [TRADE] ETF 5 @ 3131
[23:04:59] [TRADE] B_C_950 20 @ 61
[23:04:59] [TRADE] B 5 @ 1007
[23:04:59] [TRADE] ETF 5 @ 3128
[23:04:59] [TRADE] R_CUT 40 @ 264
[23:04:59] [TRADE] R_HIKE 40 @ 333
[23:04:59] [TRADE] ETF 40 @ 3128
[23:04:59] [TRADE] ETF 55 @ 3128
[23:04:59] [TRADE] ETF 5 @ 3126
[23:04:59] [TRADE] ETF 35 @ 3126
[23:04:59] [TRADE] R_CUT 40 @ 261
[23:04:59] [TRADE] R_CUT 60 @ 261
[23:04:59] [TRADE] R_HIKE 40 @ 336
[23:04:59] [TRADE] R_HIKE 60 @ 336
[23:04:59] [TRADE] B 5 @ 1009
[23:04:59] [TRADE] ETF 5 @ 3124
[23:04:59] [TRADE] A 5 @ 1131
[23:04:59] [TRADE] B 5 @ 1003
[23:04:59] [TRADE] C 5 @ 971
[23:04:59] [TRADE] ETF 30 @ 3126
[23:04:59] [TRADE] B 5 @ 1009
[23:04:59] [TRADE] C 5 @ 971
[23:04:59] [TRADE] ETF 5 @ 3120
[23:04:59] [TRADE] R_CUT 40 @ 255
[23:04:59] [TRADE] R_CUT 60 @ 255
[23:04:59] [TRADE] R_HIKE 40 @ 343
[23:04:59] [TRADE] R_HIKE 60 @ 343
[23:04:59] [TRADE] ETF 30 @ 3129
[23:05:00] [TRADE] B 5 @ 1008
[23:05:00] [TRADE] C 5 @ 972
[23:05:00] [TRADE] ETF 5 @ 3123
[23:05:00] [TRADE] ETF 5 @ 3129
[23:05:00] [TRADE] R_HIKE 40 @ 348
[23:05:00] [TRADE] R_HIKE 60 @ 348
[23:05:00] [TRADE] B 5 @ 1002
[23:05:00] [TRADE] C 5 @ 972
[23:05:00] [TRADE] B 5 @ 1008
[23:05:00] [TRADE] C 5 @ 972
[23:05:00] [TRADE] ETF 5 @ 3122
[23:05:00] [TRADE] A 5 @ 1128
[23:05:00] [TRADE] ETF 35 @ 3122
[23:05:00] [TRADE] B 5 @ 1004
[23:05:00] [TRADE] C 5 @ 973
[23:05:00] [TRADE] ETF 5 @ 3119
[23:05:00] [TRADE] ETF 40 @ 3119
[23:05:00] [TRADE] ETF 55 @ 3119
[23:05:00] [TRADE] ETF 5 @ 3117
[23:05:00] [TRADE] ETF 40 @ 3118
[23:05:00] [TRADE] ETF 40 @ 3118
[23:05:00] [TRADE] ETF 20 @ 3119
[23:05:00] [TRADE] ETF 80 @ 3119
[23:05:00] [TRADE] B 5 @ 1004
[23:05:00] [TRADE] C 5 @ 977
[23:05:00] [TRADE] ETF 5 @ 3124
[23:05:00] [TRADE] A 5 @ 1129
[23:05:00] [TRADE] C 5 @ 977
[23:05:00] [TRADE] ETF 30 @ 3124
[23:05:00] [TRADE] B 5 @ 1001
[23:05:00] [TRADE] C 5 @ 974
[23:05:00] [TRADE] ETF 5 @ 3126
[23:05:00] [TRADE] ETF 30 @ 3126
[23:05:00] [TRADE] ETF 5 @ 3126
[23:05:00] [TRADE] ETF 35 @ 3125
[23:05:00] [TRADE] ETF 25 @ 3125
[23:05:00] [TRADE] ETF 35 @ 3124
[23:05:00] [TRADE] ETF 45 @ 3124
[23:05:00] [TRADE] ETF 35 @ 3124
[23:05:00] [TRADE] ETF 30 @ 3124
[23:05:00] [TRADE] ETF 70 @ 3123
[23:05:00] [TRADE] B 5 @ 1005
[23:05:00] [TRADE] C 5 @ 976
[23:05:00] [TRADE] ETF 5 @ 3123
[23:05:01] [TRADE] ETF 5 @ 3132
[23:05:01] [TRADE] A 5 @ 1130
[23:05:01] [TRADE] B 5 @ 999
[23:05:01] [TRADE] C 5 @ 976
[23:05:01] [TRADE] ETF 25 @ 3123
[23:05:01] [TRADE] B 5 @ 1007
[23:05:01] [TRADE] C 5 @ 978
[23:05:01] [TRADE] ETF 5 @ 3109
[23:05:01] [TRADE] ETF 15 @ 3114
[23:05:01] [TRADE] ETF 15 @ 3115
[23:05:01] [TRADE] B 5 @ 1010
[23:05:01] [TRADE] C 5 @ 979
[23:05:01] [TRADE] ETF 5 @ 3106
[23:05:01] [TRADE] ETF 5 @ 3112
[23:05:01] [TRADE] ETF 30 @ 3112
[23:05:01] [TRADE] ETF 5 @ 3112
[23:05:01] [TRADE] B 5 @ 1012
[23:05:01] [TRADE] C 5 @ 978
[23:05:01] [TRADE] ETF 5 @ 3112
[23:05:01] [TRADE] A 5 @ 1130
[23:05:01] [TRADE] B 5 @ 1006
[23:05:01] [TRADE] ETF 5 @ 3115
[23:05:01] [TRADE] C 5 @ 979
[23:05:01] [TRADE] ETF 40 @ 3115
[23:05:01] [TRADE] ETF 55 @ 3115
[23:05:01] [TRADE] ETF 5 @ 3118
[23:05:01] [TRADE] ETF 35 @ 3118
[23:05:01] [TRADE] B 5 @ 1009
[23:05:01] [TRADE] C 5 @ 980
[23:05:01] [TRADE] ETF 5 @ 3118
[23:05:02] [TRADE] ETF 40 @ 3121
[23:05:02] [TRADE] ETF 60 @ 3121
[23:05:02] [TRADE] B 5 @ 1010
[23:05:02] [TRADE] C 5 @ 980
[23:05:02] [TRADE] ETF 5 @ 3124
[23:05:02] [TRADE] B 5 @ 1007
[23:05:02] [TRADE] C 5 @ 982
[23:05:02] [TRADE] ETF 5 @ 3123
[23:05:02] [TRADE] ETF 25 @ 3125
[23:05:02] [TRADE] B 5 @ 1005
[23:05:02] [TRADE] C 5 @ 984
[23:05:02] [TRADE] ETF 5 @ 3125
[23:05:02] [TRADE] A 10 @ 1136
[23:05:02] [TRADE] ETF 40 @ 3130
[23:05:02] [TRADE] B 5 @ 1004
[23:05:02] [TRADE] C 5 @ 987
[23:05:02] [TRADE] ETF 5 @ 3129
[23:05:02] [TRADE] ETF 30 @ 3129
[23:05:02] [TRADE] ETF 25 @ 3129
[23:05:02] [TRADE] ETF 15 @ 3128
[23:05:02] [TRADE] ETF 60 @ 3128
[23:05:02] [TRADE] B 5 @ 1003
[23:05:02] [TRADE] C 5 @ 985
[23:05:02] [TRADE] ETF 5 @ 3127
[23:05:02] [TRADE] A 5 @ 1143
[23:05:02] [TRADE] A 40 @ 1137
[23:05:02] [TRADE] A 60 @ 1136
[23:05:02] [TRADE] A 33 @ 1135
[23:05:02] [TRADE] ETF 40 @ 3127
[23:05:03] [TRADE] B 5 @ 1006
[23:05:03] [TRADE] C 5 @ 985
[23:05:03] [TRADE] ETF 5 @ 3121
[23:05:03] [TRADE] ETF 30 @ 3128
[23:05:03] [TRADE] B 40 @ 1000
[23:05:03] [TRADE] B 5 @ 1001
[23:05:03] [TRADE] C 5 @ 986
[23:05:03] [TRADE] ETF 5 @ 3121
[23:05:03] [TRADE] A 5 @ 1132
[23:05:03] [TRADE] B 5 @ 997
[23:05:03] [TRADE] C 5 @ 986
[23:05:03] [TRADE] ETF 30 @ 3120
[23:05:03] [TRADE] ETF 40 @ 3126
[23:05:03] [TRADE] B 5 @ 1000
[23:05:03] [TRADE] C 5 @ 990
[23:05:03] [TRADE] ETF 5 @ 3126
[23:05:03] [TRADE] ETF 5 @ 3126
[23:05:03] [TRADE] B 5 @ 999
[23:05:03] [TRADE] C 5 @ 990
[23:05:03] [TRADE] ETF 5 @ 3127
[23:05:03] [TRADE] C 40 @ 996
[23:05:03] [TRADE] C 60 @ 997
[23:05:03] [TRADE] B 5 @ 1000
[23:05:03] [TRADE] C 5 @ 989
[23:05:03] [TRADE] ETF 5 @ 3126
[23:05:03] [TRADE] A 5 @ 1132
[23:05:03] [TRADE] B 5 @ 994
[23:05:03] [TRADE] C 5 @ 989
[23:05:03] [TRADE] ETF 40 @ 3131
[23:05:03] [TRADE] B 5 @ 1003
[23:05:03] [TRADE] C 5 @ 989
[23:05:04] [TRADE] ETF 5 @ 3134
[23:05:04] [TRADE] A 5 @ 1131
[23:05:04] [TRADE] B 5 @ 997
[23:05:04] [TRADE] C 5 @ 989
[23:05:04] [TRADE] ETF 40 @ 3134
[23:05:04] [TRADE] ETF 55 @ 3134
[23:05:04] [TRADE] B 5 @ 999
[23:05:04] [TRADE] C 5 @ 992
[23:05:04] [TRADE] B 5 @ 1001
[23:05:04] [TRADE] C 5 @ 989
[23:05:04] [TRADE] ETF 5 @ 3142
[23:05:04] [TRADE] A 5 @ 1136
[23:05:04] [TRADE] C 5 @ 991
[23:05:04] [TRADE] B 5 @ 995
[23:05:04] [TRADE] C 5 @ 991
[23:05:04] [TRADE] ETF 5 @ 3133
[23:05:04] [TRADE] ETF 35 @ 3133
[23:05:04] [TRADE] ETF 5 @ 3133
[23:05:04] [TRADE] ETF 60 @ 3133
[23:05:04] [TRADE] ETF 35 @ 3133
[23:05:04] [TRADE] ETF 45 @ 3132
[23:05:04] [TRADE] ETF 15 @ 3132
[23:05:04] [TRADE] ETF 80 @ 3131
[23:05:04] [TRADE] ETF 5 @ 3130
[23:05:04] [TRADE] B 5 @ 996
[23:05:04] [TRADE] C 5 @ 991
[23:05:04] [TRADE] ETF 5 @ 3130
[23:05:05] [TRADE] ETF 40 @ 3130
[23:05:05] [TRADE] ETF 50 @ 3130
[23:05:05] [TRADE] B 5 @ 994
[23:05:05] [TRADE] C 5 @ 993
[23:05:05] [TRADE] ETF 5 @ 3117
[23:05:05] [TRADE] ETF 5 @ 3124
[23:05:05] [TRADE] A 30 @ 1133
[23:05:05] [TRADE] A 10 @ 1133
[23:05:05] [TRADE] A 20 @ 1132
[23:05:05] [TRADE] A 30 @ 1132
[23:05:05] [TRADE] A 10 @ 1132
[23:05:05] [TRADE] A 20 @ 1131
[23:05:05] [TRADE] B 5 @ 988
[23:05:05] [TRADE] C 5 @ 993
[23:05:05] [TRADE] A 30 @ 1131
[23:05:05] [TRADE] A 30 @ 1131
[23:05:05] [TRADE] B 5 @ 993
[23:05:05] [TRADE] C 5 @ 990
[23:05:05] [TRADE] ETF 5 @ 3114
[23:05:05] [TRADE] A 25 @ 1132
[23:05:05] [TRADE] A 15 @ 1132
[23:05:05] [TRADE] A 10 @ 1131
[23:05:05] [TRADE] A 25 @ 1131
[23:05:05] [TRADE] A 25 @ 1131
[23:05:05] [TRADE] B 5 @ 989
[23:05:05] [TRADE] C 5 @ 989
[23:05:05] [TRADE] ETF 5 @ 3118
[23:05:05] [TRADE] B 5 @ 988
[23:05:05] [TRADE] C 5 @ 989
[23:05:05] [TRADE] ETF 5 @ 3122
[23:05:05] [TRADE] B 5 @ 982
[23:05:05] [TRADE] C 5 @ 989
[23:05:05] [TRADE] ETF 40 @ 3119
[23:05:05] [TRADE] B 5 @ 986
[23:05:05] [TRADE] C 5 @ 989
[23:05:05] [TRADE] ETF 5 @ 3116
[23:05:05] [TRADE] ETF 40 @ 3116
[23:05:05] [TRADE] ETF 55 @ 3116
[23:05:06] [TRADE] C 5 @ 986
[23:05:06] [TRADE] ETF 5 @ 3109
[23:05:06] [TRADE] ETF 5 @ 3115
[23:05:06] [TRADE] B 5 @ 977
[23:05:06] [TRADE] C 5 @ 986
[23:05:06] [TRADE] C 5 @ 986
[23:05:06] [TRADE] ETF 5 @ 3105
[23:05:06] [TRADE] C 5 @ 989
[23:05:06] [TRADE] ETF 5 @ 3103
[23:05:06] [TRADE] C 5 @ 993
[23:05:06] [TRADE] C 5 @ 992
[23:05:06] [TRADE] ETF 5 @ 3109
[23:05:06] [TRADE] B 5 @ 987
[23:05:07] [TRADE] C 5 @ 991
[23:05:07] [TRADE] ETF 5 @ 3107
[23:05:07] [TRADE] C 5 @ 992
[23:05:07] [TRADE] ETF 30 @ 3107
[23:05:07] [TRADE] ETF 10 @ 3108
[23:05:07] [TRADE] ETF 50 @ 3108
[23:05:07] [TRADE] ETF 10 @ 3109
[23:05:07] [TRADE] ETF 70 @ 3109
[23:05:07] [TRADE] B 5 @ 989
[23:05:07] [TRADE] C 5 @ 992
[23:05:07] [TRADE] C 5 @ 992
[23:05:07] [TRADE] ETF 40 @ 3110
[23:05:07] [TRADE] ETF 60 @ 3110
[23:05:07] [TRADE] C 5 @ 992
[23:05:07] [TRADE] C 5 @ 992
[23:05:07] [TRADE] B 10 @ 996
[23:05:07] [TRADE] B_C_1000 20 @ 25
[23:05:07] [TRADE] B_P_1000 20 @ 31
[23:05:07] [TRADE] ETF 5 @ 3119
[23:05:07] [TRADE] ETF 35 @ 3115
[23:05:08] [TRADE] B 5 @ 990
[23:05:08] [TRADE] ETF 40 @ 3116
[23:05:08] [TRADE] ETF 20 @ 3116
[23:05:08] [TRADE] ETF 40 @ 3117
[23:05:08] [TRADE] C 5 @ 991
[23:05:08] [TRADE] C 35 @ 994
[23:05:08] [TRADE] ETF 40 @ 3117
[23:05:08] [TRADE] C 5 @ 994
[23:05:08] [TRADE] ETF 40 @ 3118
[23:05:08] [TRADE] ETF 5 @ 3116
[23:05:08] [TRADE] B 5 @ 991
[23:05:09] [TRADE] ETF 5 @ 3116
[23:05:09] [TRADE] ETF 30 @ 3116
[23:05:09] [TRADE] ETF 10 @ 3117
[23:05:09] [TRADE] ETF 50 @ 3117
[23:05:09] [TRADE] C 5 @ 992
[23:05:09] [TRADE] C 5 @ 993
[23:05:09] [TRADE] ETF 5 @ 3118
[23:05:09] [TRADE] B 5 @ 987
[23:05:09] [TRADE] C 5 @ 993
[23:05:09] [TRADE] ETF 40 @ 3112
[23:05:09] [TRADE] ETF 60 @ 3111
[23:05:09] [TRADE] ETF 80 @ 3111
[23:05:09] [TRADE] ETF 20 @ 3111
[23:05:09] [TRADE] ETF 80 @ 3110
[23:05:09] [TRADE] ETF 40 @ 3109
[23:05:09] [TRADE] ETF 60 @ 3109
[23:05:09] [TRADE] ETF 40 @ 3097
[23:05:10] [TRADE] ETF 40 @ 3097
[23:05:10] [TRADE] ETF 60 @ 3098
[23:05:10] [TRADE] ETF 40 @ 3098
[23:05:11] [TRADE] ETF 40 @ 3110
[23:05:11] [TRADE] ETF 60 @ 3110
[23:05:11] [TRADE] ETF 40 @ 3113
[23:05:11] [TRADE] B 5 @ 991
[23:05:11] [TRADE] ETF 40 @ 3119
[23:05:11] [TRADE] ETF 60 @ 3120
[23:05:11] [TRADE] ETF 40 @ 3120
[23:05:11] [TRADE] ETF 40 @ 3120
[23:05:11] [TRADE] ETF 20 @ 3120
[23:05:11] [TRADE] ETF 80 @ 3121
[23:05:11] [TRADE] ETF 5 @ 3122
[23:05:11] [TRADE] C 40 @ 999
[23:05:11] [TRADE] ETF 5 @ 3121
[23:05:11] [TRADE] R_HIKE 40 @ 366
[23:05:11] [TRADE] R_CUT 40 @ 233
[23:05:11] [TRADE] R_HIKE 60 @ 367
[23:05:11] [TRADE] R_HIKE 80 @ 368
[23:05:11] [TRADE] ETF 5 @ 3124
[23:05:11] [TRADE] R_HIKE 40 @ 369
[23:05:11] [TRADE] R_CUT 40 @ 230
[23:05:11] [TRADE] R_HIKE 60 @ 369
[23:05:11] [TRADE] R_CUT 60 @ 230
[23:05:11] [TRADE] R_CUT 40 @ 227
[23:05:11] [TRADE] R_HIKE 40 @ 376
[23:05:12] [TRADE] ETF 5 @ 3120
[23:05:12] [TRADE] ETF 35 @ 3120
[23:05:12] [TRADE] ETF 60 @ 3121
[23:05:12] [TRADE] ETF 38 @ 3122
[23:05:12] [TRADE] ETF 40 @ 3122
[23:05:12] [TRADE] ETF 2 @ 3122
[23:05:12] [TRADE] R_CUT 40 @ 224
[23:05:12] [TRADE] R_CUT 60 @ 224
[23:05:12] [TRADE] R_HIKE 40 @ 379
[23:05:12] [TRADE] R_HIKE 60 @ 379
[23:05:12] [TRADE] R_HIKE 1 @ 383
[23:05:12] [TRADE] R_HIKE 1 @ 383
[23:05:12] [TRADE] R_CUT 1 @ 222
[23:05:12] [TRADE] ETF 5 @ 3123
[23:05:12] [TRADE] R_HIKE 40 @ 387
[23:05:12] [TRADE] R_CUT 40 @ 216
[23:05:12] [TRADE] R_HIKE 60 @ 387
[23:05:12] [TRADE] R_CUT 60 @ 216
[23:05:12] [TRADE] R_HIKE 1 @ 390
[23:05:12] [TRADE] R_CUT 1 @ 217
[23:05:12] [TRADE] R_HIKE 1 @ 390
[23:05:12] [TRADE] R_CUT 1 @ 217
[23:05:12] [TRADE] R_HIKE 1 @ 390
[23:05:12] [TRADE] R_CUT 1 @ 217
[23:05:12] [TRADE] R_HIKE 40 @ 394
[23:05:12] [TRADE] R_CUT 40 @ 211
[23:05:12] [TRADE] R_CUT 60 @ 211
[23:05:12] [TRADE] R_HIKE 60 @ 394
[23:05:12] [TRADE] R_HIKE 40 @ 398
[23:05:12] [TRADE] R_HIKE 40 @ 399
[23:05:12] [TRADE] R_HIKE 1 @ 398
[23:05:12] [TRADE] R_CUT 1 @ 211
[23:05:12] [TRADE] R_HIKE 1 @ 398
[23:05:12] [TRADE] R_CUT 1 @ 211
[23:05:12] [TRADE] ETF 5 @ 3123
[23:05:12] [TRADE] ETF 5 @ 3123
[23:05:12] [TRADE] ETF 30 @ 3123
[23:05:12] [TRADE] R_CUT 40 @ 206
[23:05:12] [TRADE] R_CUT 60 @ 206
[23:05:12] [TRADE] R_HIKE 40 @ 401
[23:05:12] [TRADE] R_HIKE 60 @ 401
[23:05:12] [TRADE] R_HIKE 40 @ 407
[23:05:12] [TRADE] R_HIKE 2 @ 407
[23:05:12] [TRADE] R_CUT 1 @ 206
[23:05:12] [TRADE] ETF 5 @ 3126
[23:05:12] [TRADE] R_HIKE 2 @ 407
[23:05:12] [TRADE] R_CUT 1 @ 206
[23:05:12] [TRADE] ETF 40 @ 3126
[23:05:12] [TRADE] R_HIKE 40 @ 410
[23:05:12] [TRADE] R_HIKE 60 @ 410
[23:05:12] [TRADE] ETF 55 @ 3126
[23:05:12] [TRADE] R_CUT 40 @ 200
[23:05:12] [TRADE] R_CUT 60 @ 200
[23:05:13] [TRADE] R_HIKE 2 @ 414
[23:05:13] [TRADE] R_CUT 1 @ 200
[23:05:13] [TRADE] ETF 5 @ 3132
[23:05:13] [TRADE] ETF 40 @ 3132
[23:05:13] [TRADE] ETF 55 @ 3132
[23:05:13] [TRADE] ETF 5 @ 3133
[23:05:13] [TRADE] ETF 35 @ 3133
[23:05:13] [TRADE] ETF 45 @ 3134
[23:05:13] [TRADE] R_CUT 40 @ 195
[23:05:13] [TRADE] R_CUT 60 @ 195
[23:05:13] [TRADE] R_HIKE 40 @ 418
[23:05:13] [TRADE] R_HIKE 60 @ 418
[23:05:13] [TRADE] R_HIKE 40 @ 422
[23:05:13] [TRADE] R_HIKE 2 @ 422
[23:05:13] [TRADE] R_CUT 1 @ 196
[23:05:13] [TRADE] R_HIKE 2 @ 422
[23:05:13] [TRADE] R_CUT 1 @ 196
[23:05:13] [TRADE] ETF 5 @ 3136
[23:05:13] [TRADE] R_HIKE 2 @ 422
[23:05:13] [TRADE] R_CUT 1 @ 196
[23:05:13] [TRADE] R_HIKE 40 @ 425
[23:05:13] [TRADE] R_CUT 40 @ 189
[23:05:13] [TRADE] R_HIKE 60 @ 425
[23:05:13] [TRADE] R_HIKE 2 @ 429
[23:05:13] [TRADE] R_CUT 1 @ 190
[23:05:13] [TRADE] ETF 5 @ 3138
[23:05:13] [TRADE] R_CUT 40 @ 185
[23:05:13] [TRADE] R_HIKE 40 @ 433
[23:05:13] [TRADE] R_HIKE 60 @ 433
[23:05:13] [TRADE] R_HIKE 2 @ 434
[23:05:13] [TRADE] R_CUT 1 @ 186
[23:05:13] [TRADE] R_HIKE 2 @ 434
[23:05:13] [TRADE] R_CUT 1 @ 186
[23:05:13] [TRADE] ETF 5 @ 3135
[23:05:13] [TRADE] R_HIKE 1 @ 434
[23:05:13] [TRADE] R_CUT 1 @ 186
[23:05:13] [TRADE] ETF 40 @ 3129
[23:05:13] [TRADE] R_HIKE 40 @ 440
[23:05:13] [TRADE] ETF 60 @ 3129
[23:05:13] [TRADE] ETF 40 @ 3129
[23:05:13] [TRADE] ETF 40 @ 3128
[23:05:13] [TRADE] R_HIKE 1 @ 439
[23:05:13] [TRADE] R_CUT 1 @ 181
[23:05:13] [TRADE] ETF 5 @ 3129
[23:05:13] [TRADE] ETF 40 @ 3126
[23:05:13] [TRADE] ETF 60 @ 3126
[23:05:13] [TRADE] ETF 40 @ 3120
[23:05:13] [TRADE] ETF 40 @ 3119
[23:05:13] [TRADE] R_HIKE 1 @ 442
[23:05:13] [TRADE] R_CUT 1 @ 180
[23:05:14] [TRADE] R_HIKE 1 @ 442
[23:05:14] [TRADE] R_CUT 1 @ 180
[23:05:14] [TRADE] ETF 5 @ 3120
[23:05:14] [TRADE] ETF 40 @ 3117
[23:05:14] [TRADE] ETF 60 @ 3117
[23:05:14] [TRADE] R_HIKE 1 @ 446
[23:05:14] [TRADE] R_CUT 1 @ 177
[23:05:14] [TRADE] R_HIKE 1 @ 446
[23:05:14] [TRADE] ETF 5 @ 3112
[23:05:14] [TRADE] R_CUT 1 @ 177
[23:05:14] [TRADE] ETF 40 @ 3108
[23:05:14] [TRADE] ETF 60 @ 3108
[23:05:14] [TRADE] R_HIKE 1 @ 449
[23:05:14] [TRADE] R_CUT 1 @ 176
[23:05:14] [TRADE] ETF 5 @ 3109
[23:05:14] [TRADE] R_HIKE 1 @ 449
[23:05:14] [TRADE] R_CUT 1 @ 176
[23:05:14] [TRADE] ETF 40 @ 3101
[23:05:14] [TRADE] ETF 60 @ 3101
[23:05:14] [TRADE] ETF 40 @ 3101
[23:05:14] [TRADE] R_HIKE 1 @ 450
[23:05:14] [TRADE] R_CUT 1 @ 174
[23:05:14] [TRADE] R_HIKE 1 @ 450
[23:05:14] [TRADE] R_CUT 1 @ 174
[23:05:14] [TRADE] ETF 5 @ 3102
[23:05:14] [TRADE] R_HIKE 1 @ 451
[23:05:14] [TRADE] R_CUT 1 @ 173
[23:05:14] [TRADE] ETF 5 @ 3102
[23:05:14] [TRADE] R_HIKE 1 @ 451
[23:05:14] [TRADE] R_CUT 1 @ 173
[23:05:14] [TRADE] ETF 40 @ 3099
[23:05:15] [TRADE] R_HIKE 1 @ 452
[23:05:15] [TRADE] R_CUT 1 @ 173
[23:05:15] [TRADE] ETF 5 @ 3099
[23:05:15] [TRADE] R_HIKE 1 @ 452
[23:05:15] [TRADE] R_CUT 1 @ 173
[23:05:15] [TRADE] R_HIKE 1 @ 454
[23:05:15] [TRADE] R_CUT 1 @ 172
[23:05:15] [TRADE] ETF 5 @ 3101
[23:05:15] [TRADE] R_HIKE 1 @ 454
[23:05:15] [TRADE] R_CUT 1 @ 172
[23:05:15] [TRADE] ETF 5 @ 3097
[23:05:15] [TRADE] ETF 35 @ 3096
[23:05:15] [TRADE] ETF 5 @ 3096
[23:05:15] [TRADE] ETF 55 @ 3095
[23:05:15] [TRADE] ETF 5 @ 3095
[23:05:15] [TRADE] ETF 75 @ 3094
[23:05:15] [TRADE] ETF 5 @ 3094
[23:05:15] [TRADE] ETF 95 @ 3093
[23:05:15] [TRADE] R_HIKE 1 @ 451
[23:05:15] [TRADE] R_CUT 1 @ 173
[23:05:15] [TRADE] ETF 5 @ 3105
[23:05:15] [TRADE] R_HIKE 1 @ 451
[23:05:15] [TRADE] R_CUT 1 @ 173
[23:05:15] [TRADE] B 5 @ 991
[23:05:15] [TRADE] R_HIKE 1 @ 451
[23:05:15] [TRADE] R_CUT 1 @ 172
[23:05:15] [TRADE] ETF 5 @ 3100
[23:05:15] [TRADE] R_HIKE 1 @ 451
[23:05:15] [TRADE] R_CUT 1 @ 172
[23:05:15] [TRADE] ETF 35 @ 3100
[23:05:15] [TRADE] ETF 5 @ 3101
[23:05:15] [TRADE] ETF 55 @ 3101
[23:05:15] [TRADE] ETF 5 @ 3102
[23:05:15] [TRADE] ETF 75 @ 3102
[23:05:15] [TRADE] ETF 5 @ 3103
[23:05:15] [TRADE] ETF 95 @ 3103
[23:05:15] [TRADE] R_HIKE 1 @ 452
[23:05:15] [TRADE] R_CUT 1 @ 172
[23:05:15] [TRADE] ETF 5 @ 3112
[23:05:15] [TRADE] B 5 @ 993
[23:05:15] [TRADE] C 5 @ 978
[23:05:15] [TRADE] ETF 5 @ 3112
[23:05:16] [TRADE] R_HIKE 1 @ 453
[23:05:16] [TRADE] R_CUT 1 @ 171
[23:05:16] [TRADE] R_HIKE 1 @ 453
[23:05:16] [TRADE] R_CUT 1 @ 171
[23:05:16] [TRADE] ETF 5 @ 3113
[23:05:16] [TRADE] R_HIKE 1 @ 453
[23:05:16] [TRADE] R_HIKE 1 @ 453
[23:05:16] [TRADE] R_CUT 1 @ 172
[23:05:16] [TRADE] ETF 5 @ 3113
[23:05:16] [TRADE] R_HIKE 1 @ 453
[23:05:16] [TRADE] R_CUT 1 @ 172
[23:05:16] [TRADE] ETF 5 @ 3113
[23:05:16] [TRADE] ETF 30 @ 3113
[23:05:16] [TRADE] ETF 10 @ 3114
[23:05:16] [TRADE] ETF 50 @ 3114
[23:05:16] [TRADE] ETF 10 @ 3115
[23:05:16] [TRADE] ETF 70 @ 3115
[23:05:16] [TRADE] ETF 10 @ 3116
[23:05:16] [TRADE] ETF 90 @ 3116
[23:05:16] [TRADE] ETF 10 @ 3116
[23:05:16] [TRADE] B 5 @ 998
[23:05:16] [TRADE] C 5 @ 977
[23:05:16] [TRADE] ETF 5 @ 3116
[23:05:16] [TRADE] R_HIKE 1 @ 448
[23:05:16] [TRADE] R_CUT 1 @ 177
[23:05:16] [TRADE] ETF 5 @ 3115
[23:05:16] [TRADE] R_HIKE 40 @ 448
[23:05:16] [TRADE] R_HIKE 59 @ 448
[23:05:16] [TRADE] ETF 5 @ 3110
[23:05:16] [TRADE] B 5 @ 993
[23:05:16] [TRADE] C 5 @ 981
[23:05:16] [TRADE] ETF 5 @ 3110
[23:05:16] [TRADE] R_HIKE 40 @ 443
[23:05:16] [TRADE] R_HIKE 60 @ 443
[23:05:17] [TRADE] R_HIKE 1 @ 437
[23:05:17] [TRADE] R_CUT 1 @ 183
[23:05:17] [TRADE] ETF 5 @ 3111
[23:05:17] [TRADE] R_HIKE 40 @ 437
[23:05:17] [TRADE] R_HIKE 59 @ 437
[23:05:17] [TRADE] R_HIKE 1 @ 434
[23:05:17] [TRADE] ETF 35 @ 3111
[23:05:17] [TRADE] ETF 5 @ 3112
[23:05:17] [TRADE] ETF 55 @ 3112
[23:05:17] [TRADE] ETF 5 @ 3113
[23:05:17] [TRADE] ETF 80 @ 3113
[23:05:17] [TRADE] ETF 15 @ 3113
[23:05:17] [TRADE] ETF 80 @ 3113
[23:05:17] [TRADE] R_HIKE 1 @ 431
[23:05:17] [TRADE] R_CUT 1 @ 188
[23:05:17] [TRADE] ETF 5 @ 3114
[23:05:17] [TRADE] C 5 @ 982
[23:05:17] [TRADE] ETF 40 @ 3114
[23:05:17] [TRADE] ETF 55 @ 3114
[23:05:17] [TRADE] ETF 5 @ 3122
[23:05:17] [TRADE] ETF 35 @ 3122
[23:05:17] [TRADE] ETF 45 @ 3123
[23:05:17] [TRADE] ETF 15 @ 3123
[23:05:17] [TRADE] ETF 80 @ 3124
[23:05:17] [TRADE] ETF 5 @ 3125
[23:05:17] [TRADE] R_HIKE 40 @ 431
[23:05:17] [TRADE] R_HIKE 59 @ 431
[23:05:17] [TRADE] R_HIKE 1 @ 424
[23:05:17] [TRADE] R_CUT 1 @ 191
[23:05:17] [TRADE] ETF 5 @ 3125
[23:05:17] [TRADE] ETF 40 @ 3125
[23:05:17] [TRADE] R_HIKE 40 @ 424
[23:05:17] [TRADE] R_HIKE 59 @ 424
[23:05:17] [TRADE] ETF 50 @ 3125
[23:05:17] [TRADE] R_HIKE 1 @ 418
[23:05:17] [TRADE] R_CUT 1 @ 194
[23:05:17] [TRADE] ETF 5 @ 3132
[23:05:17] [TRADE] ETF 35 @ 3132
[23:05:17] [TRADE] ETF 5 @ 3133
[23:05:17] [TRADE] ETF 55 @ 3133
[23:05:17] [TRADE] ETF 5 @ 3134
[23:05:17] [TRADE] ETF 75 @ 3134
[23:05:17] [TRADE] ETF 5 @ 3135
[23:05:17] [TRADE] R_HIKE 1 @ 414
[23:05:17] [TRADE] R_CUT 1 @ 197
[23:05:17] [TRADE] ETF 5 @ 3135
[23:05:17] [TRADE] ETF 40 @ 3135
[23:05:17] [TRADE] ETF 50 @ 3135
[23:05:18] [TRADE] ETF 5 @ 3146
[23:05:18] [TRADE] ETF 40 @ 3146
[23:05:18] [TRADE] ETF 55 @ 3146
[23:05:18] [TRADE] ETF 5 @ 3146
[23:05:18] [TRADE] ETF 35 @ 3146
[23:05:18] [TRADE] R_CUT 1 @ 199
[23:05:18] [TRADE] R_HIKE 1 @ 411
[23:05:18] [TRADE] R_CUT 1 @ 199
[23:05:18] [TRADE] ETF 5 @ 3149
[23:05:18] [TRADE] ETF 40 @ 3149
[23:05:18] [TRADE] ETF 55 @ 3149
[23:05:18] [TRADE] ETF 5 @ 3154
[23:05:18] [TRADE] ETF 35 @ 3154
[23:05:18] [TRADE] ETF 45 @ 3155
[23:05:18] [TRADE] ETF 15 @ 3155
[23:05:18] [TRADE] R_HIKE 1 @ 411
[23:05:18] [TRADE] R_CUT 1 @ 199
[23:05:18] [TRADE] R_HIKE 1 @ 411
[23:05:18] [TRADE] R_CUT 1 @ 199
[23:05:18] [TRADE] ETF 5 @ 3157
[23:05:18] [TRADE] ETF 40 @ 3157
[23:05:18] [TRADE] ETF 55 @ 3157
[23:05:18] [TRADE] C 100 @ 992
[23:05:18] [TRADE] C 33 @ 992
[23:05:18] [TRADE] R_HIKE 1 @ 413
[23:05:18] [TRADE] R_CUT 1 @ 198
[23:05:18] [TRADE] R_HIKE 1 @ 413
[23:05:18] [TRADE] R_CUT 1 @ 198
[23:05:18] [TRADE] ETF 5 @ 3166
[23:05:18] [TRADE] ETF 5 @ 3159
[23:05:18] [TRADE] ETF 35 @ 3158
[23:05:18] [TRADE] R_HIKE 1 @ 414
[23:05:18] [TRADE] R_CUT 1 @ 196
[23:05:18] [TRADE] R_HIKE 1 @ 414
[23:05:18] [TRADE] R_CUT 1 @ 196
[23:05:18] [TRADE] ETF 5 @ 3159
[23:05:18] [TRADE] ETF 40 @ 3157
[23:05:18] [TRADE] ETF 60 @ 3157
[23:05:19] [TRADE] R_HIKE 1 @ 413
[23:05:19] [TRADE] R_CUT 1 @ 197
[23:05:19] [TRADE] ETF 5 @ 3157
[23:05:19] [TRADE] ETF 40 @ 3149
[23:05:19] [TRADE] ETF 60 @ 3149
[23:05:19] [TRADE] ETF 40 @ 3149
[23:05:19] [TRADE] ETF 40 @ 3148
[23:05:19] [TRADE] ETF 20 @ 3148
[23:05:19] [TRADE] ETF 80 @ 3147
[23:05:19] [TRADE] R_HIKE 1 @ 413
[23:05:19] [TRADE] R_CUT 1 @ 196
[23:05:19] [TRADE] R_HIKE 1 @ 413
[23:05:19] [TRADE] R_CUT 1 @ 196
[23:05:19] [TRADE] R_HIKE 1 @ 413
[23:05:19] [TRADE] R_CUT 1 @ 196
[23:05:19] [TRADE] ETF 5 @ 3158
[23:05:19] [TRADE] ETF 40 @ 3146
[23:05:19] [TRADE] ETF 60 @ 3146
[23:05:19] [TRADE] R_HIKE 1 @ 411
[23:05:19] [TRADE] R_CUT 1 @ 197
[23:05:19] [TRADE] R_HIKE 1 @ 411
[23:05:19] [TRADE] R_CUT 1 @ 197
[23:05:19] [TRADE] ETF 5 @ 3139
[23:05:19] [TRADE] B 40 @ 997
[23:05:19] [TRADE] ETF 40 @ 3131
[23:05:19] [TRADE] ETF 60 @ 3131
[23:05:19] [TRADE] ETF 40 @ 3131
[23:05:19] [TRADE] ETF 40 @ 3130
[23:05:19] [TRADE] ETF 20 @ 3130
[23:05:19] [TRADE] ETF 80 @ 3129
[23:05:19] [TRADE] R_HIKE 1 @ 410
[23:05:19] [TRADE] R_CUT 1 @ 199
[23:05:19] [TRADE] R_HIKE 1 @ 410
[23:05:19] [TRADE] R_CUT 1 @ 199
[23:05:19] [TRADE] ETF 40 @ 3128
[23:05:19] [TRADE] ETF 5 @ 3129
[23:05:19] [TRADE] R_HIKE 1 @ 410
[23:05:19] [TRADE] R_CUT 1 @ 200
[23:05:19] [TRADE] ETF 40 @ 3122
[23:05:19] [TRADE] ETF 60 @ 3121
[23:05:19] [TRADE] ETF 80 @ 3120
[23:05:19] [TRADE] ETF 5 @ 3121
[23:05:20] [TRADE] R_HIKE 1 @ 407
[23:05:20] [TRADE] R_CUT 1 @ 201
[23:05:20] [TRADE] ETF 5 @ 3121
[23:05:20] [TRADE] ETF 40 @ 3121
[23:05:20] [TRADE] ETF 50 @ 3121
[23:05:20] [TRADE] ETF 10 @ 3122
[23:05:20] [TRADE] ETF 30 @ 3122
[23:05:20] [TRADE] ETF 50 @ 3123
[23:05:20] [TRADE] ETF 5 @ 3125
[23:05:20] [TRADE] R_HIKE 1 @ 403
[23:05:20] [TRADE] R_CUT 1 @ 205
[23:05:20] [TRADE] ETF 5 @ 3128
[23:05:20] [TRADE] R_CUT 1 @ 204
[23:05:20] [TRADE] ETF 35 @ 3128
[23:05:20] [TRADE] ETF 5 @ 3129
[23:05:20] [TRADE] ETF 60 @ 3128
[23:05:20] [TRADE] ETF 5 @ 3131
[23:05:20] [TRADE] R_HIKE 1 @ 398
[23:05:20] [TRADE] R_CUT 1 @ 206
[23:05:20] [TRADE] ETF 40 @ 3131
[23:05:20] [TRADE] ETF 55 @ 3131
[23:05:20] [TRADE] ETF 5 @ 3136
[23:05:20] [TRADE] ETF 5 @ 3139
[23:05:20] [TRADE] R_HIKE 1 @ 395
[23:05:20] [TRADE] R_CUT 1 @ 208
[23:05:21] [TRADE] R_HIKE 1 @ 395
[23:05:21] [TRADE] R_CUT 1 @ 208
[23:05:21] [TRADE] ETF 40 @ 3139
[23:05:21] [TRADE] ETF 55 @ 3139
[23:05:21] [TRADE] ETF 5 @ 3143
[23:05:21] [TRADE] ETF 35 @ 3143
[23:05:21] [TRADE] ETF 45 @ 3144
[23:05:21] [TRADE] ETF 15 @ 3144
[23:05:21] [TRADE] ETF 80 @ 3145
[23:05:21] [TRADE] ETF 5 @ 3146
[23:05:21] [TRADE] R_HIKE 1 @ 395
[23:05:21] [TRADE] R_CUT 1 @ 208
[23:05:21] [TRADE] R_HIKE 1 @ 395
[23:05:21] [TRADE] R_CUT 1 @ 208
[23:05:21] [TRADE] ETF 40 @ 3146
[23:05:21] [TRADE] ETF 55 @ 3146
[23:05:21] [TRADE] ETF 5 @ 3157
[23:05:21] [TRADE] R_HIKE 1 @ 392
[23:05:21] [TRADE] R_CUT 1 @ 210
[23:05:21] [TRADE] R_HIKE 1 @ 392
[23:05:21] [TRADE] R_CUT 1 @ 210
[23:05:21] [TRADE] ETF 5 @ 3150
[23:05:21] [TRADE] ETF 35 @ 3149
[23:05:21] [TRADE] ETF 45 @ 3149
[23:05:21] [TRADE] ETF 15 @ 3148
[23:05:21] [TRADE] ETF 80 @ 3148
[23:05:21] [TRADE] ETF 5 @ 3148
[23:05:21] [TRADE] ETF 5 @ 3145
[23:05:21] [TRADE] ETF 5 @ 3144
[23:05:21] [TRADE] R_HIKE 1 @ 392
[23:05:21] [TRADE] R_CUT 1 @ 211
[23:05:21] [TRADE] R_HIKE 1 @ 392
[23:05:21] [TRADE] R_CUT 1 @ 211
[23:05:21] [TRADE] ETF 5 @ 3144
[23:05:21] [TRADE] R_HIKE 1 @ 390
[23:05:21] [TRADE] R_CUT 1 @ 213
[23:05:21] [TRADE] ETF 40 @ 3144
[23:05:21] [TRADE] ETF 40 @ 3144
[23:05:21] [TRADE] ETF 20 @ 3147
[23:05:21] [TRADE] ETF 20 @ 3147
[23:05:21] [TRADE] ETF 60 @ 3148
[23:05:21] [TRADE] ETF 80 @ 3149
[23:05:21] [TRADE] ETF 20 @ 3150
[23:05:21] [TRADE] ETF 5 @ 3150
[23:05:22] [TRADE] R_HIKE 1 @ 387
[23:05:22] [TRADE] R_CUT 1 @ 216
[23:05:22] [TRADE] R_HIKE 1 @ 387
[23:05:22] [TRADE] R_CUT 1 @ 216
[23:05:22] [TRADE] ETF 40 @ 3150
[23:05:22] [TRADE] ETF 35 @ 3150
[23:05:22] [TRADE] ETF 25 @ 3159
[23:05:22] [TRADE] ETF 15 @ 3159
[23:05:22] [TRADE] ETF 60 @ 3160
[23:05:22] [TRADE] ETF 5 @ 3162
[23:05:22] [TRADE] R_HIKE 1 @ 382
[23:05:22] [TRADE] R_CUT 1 @ 218
[23:05:22] [TRADE] ETF 5 @ 3161
[23:05:22] [TRADE] R_HIKE 1 @ 381
[23:05:22] [TRADE] R_CUT 1 @ 219
[23:05:22] [TRADE] ETF 40 @ 3159
[23:05:22] [TRADE] R_CUT 1 @ 219
[23:05:22] [TRADE] ETF 5 @ 3160
[23:05:22] [TRADE] R_HIKE 1 @ 380
[23:05:22] [TRADE] R_CUT 1 @ 219
[23:05:22] [TRADE] R_HIKE 1 @ 381
[23:05:22] [TRADE] R_CUT 1 @ 219
[23:05:22] [TRADE] ETF 5 @ 3154
[23:05:22] [TRADE] R_HIKE 1 @ 381
[23:05:22] [TRADE] R_CUT 1 @ 219
[23:05:22] [TRADE] ETF 5 @ 3151
[23:05:23] [TRADE] R_HIKE 1 @ 380
[23:05:23] [TRADE] R_CUT 1 @ 220
[23:05:23] [TRADE] ETF 40 @ 3145
[23:05:23] [TRADE] ETF 5 @ 3146
[23:05:23] [TRADE] R_CUT 1 @ 220
[23:05:23] [TRADE] R_HIKE 1 @ 377
[23:05:23] [TRADE] R_CUT 1 @ 220
[23:05:23] [TRADE] ETF 40 @ 3142
[23:05:23] [TRADE] ETF 60 @ 3142
[23:05:23] [TRADE] ETF 40 @ 3139
[23:05:23] [TRADE] ETF 40 @ 3138
[23:05:23] [TRADE] ETF 20 @ 3138
[23:05:23] [TRADE] ETF 80 @ 3137
[23:05:23] [TRADE] ETF 5 @ 3148
[23:05:23] [TRADE] R_CUT 1 @ 220
[23:05:23] [TRADE] R_CUT 1 @ 220
[23:05:23] [TRADE] ETF 40 @ 3136
[23:05:23] [TRADE] ETF 60 @ 3136
[23:05:23] [TRADE] ETF 5 @ 3136
[23:05:23] [TRADE] R_HIKE 1 @ 378
[23:05:23] [TRADE] R_CUT 1 @ 220
[23:05:23] [TRADE] R_HIKE 1 @ 378
[23:05:23] [TRADE] R_CUT 1 @ 220
[23:05:23] [TRADE] ETF 5 @ 3136
[23:05:23] [TRADE] R_HIKE 1 @ 382
[23:05:23] [TRADE] R_CUT 1 @ 218
[23:05:23] [TRADE] R_HIKE 1 @ 382
[23:05:23] [TRADE] R_CUT 1 @ 218
[23:05:23] [TRADE] R_HIKE 40 @ 387
[23:05:23] [TRADE] ETF 5 @ 3139
[23:05:24] [TRADE] R_HIKE 1 @ 386
[23:05:24] [TRADE] R_CUT 1 @ 215
[23:05:24] [TRADE] R_HIKE 1 @ 386
[23:05:24] [TRADE] R_CUT 1 @ 215
[23:05:24] [TRADE] ETF 40 @ 3135
[23:05:24] [TRADE] R_HIKE 40 @ 391
[23:05:24] [TRADE] ETF 5 @ 3135
[23:05:24] [TRADE] R_HIKE 1 @ 390
[23:05:24] [TRADE] R_CUT 1 @ 211
[23:05:24] [TRADE] ETF 40 @ 3132
[23:05:24] [TRADE] ETF 60 @ 3132
[23:05:24] [TRADE] ETF 5 @ 3133
[23:05:24] [TRADE] R_HIKE 1 @ 395
[23:05:24] [TRADE] R_CUT 1 @ 209
[23:05:24] [TRADE] R_HIKE 1 @ 395
[23:05:24] [TRADE] R_CUT 1 @ 209
[23:05:24] [TRADE] R_HIKE 40 @ 400
[23:05:24] [TRADE] A 40 @ 1166
[23:05:24] [TRADE] A 60 @ 1167
[23:05:24] [TRADE] A 33 @ 1168
[23:05:24] [TRADE] R_HIKE 1 @ 399
[23:05:24] [TRADE] R_CUT 1 @ 206
[23:05:24] [TRADE] ETF 5 @ 3134
[23:05:24] [TRADE] R_HIKE 1 @ 399
[23:05:24] [TRADE] R_CUT 1 @ 206
[23:05:24] [TRADE] ETF 40 @ 3134
[23:05:24] [TRADE] ETF 55 @ 3134
[23:05:24] [TRADE] ETF 5 @ 3134
[23:05:24] [TRADE] R_HIKE 40 @ 404
[23:05:24] [TRADE] ETF 35 @ 3134
[23:05:24] [TRADE] ETF 45 @ 3135
[23:05:24] [TRADE] ETF 15 @ 3135
[23:05:24] [TRADE] ETF 80 @ 3136
[23:05:24] [TRADE] R_HIKE 60 @ 404
[23:05:24] [TRADE] R_HIKE 1 @ 405
[23:05:24] [TRADE] R_CUT 1 @ 201
[23:05:24] [TRADE] ETF 5 @ 3137
[23:05:24] [TRADE] R_HIKE 1 @ 405
[23:05:24] [TRADE] R_CUT 1 @ 201
[23:05:24] [TRADE] ETF 5 @ 3136
[23:05:24] [TRADE] R_HIKE 40 @ 409
[23:05:24] [TRADE] R_CUT 40 @ 197
[23:05:24] [TRADE] R_HIKE 60 @ 409
[23:05:24] [TRADE] R_HIKE 1 @ 410
[23:05:24] [TRADE] R_CUT 1 @ 198
[23:05:25] [TRADE] ETF 5 @ 3128
[23:05:25] [TRADE] R_HIKE 1 @ 410
[23:05:25] [TRADE] R_CUT 1 @ 198
[23:05:25] [TRADE] R_HIKE 40 @ 416
[23:05:25] [TRADE] ETF 40 @ 3122
[23:05:25] [TRADE] R_HIKE 60 @ 416
[23:05:25] [TRADE] R_HIKE 1 @ 415
[23:05:25] [TRADE] R_CUT 1 @ 194
[23:05:25] [TRADE] ETF 5 @ 3123
[23:05:25] [TRADE] R_HIKE 1 @ 415
[23:05:25] [TRADE] R_CUT 1 @ 194
[23:05:25] [TRADE] B_P_1000 4 @ 29
[23:05:25] [TRADE] R_HIKE 40 @ 421
[23:05:25] [TRADE] R_HIKE 1 @ 420
[23:05:25] [TRADE] R_CUT 1 @ 190
[23:05:25] [TRADE] ETF 5 @ 3125
[23:05:25] [TRADE] R_HIKE 1 @ 420
[23:05:25] [TRADE] R_CUT 1 @ 190
[23:05:25] [TRADE] ETF 40 @ 3125
[23:05:25] [TRADE] ETF 55 @ 3125
[23:05:25] [TRADE] A 40 @ 1161
[23:05:25] [TRADE] A 40 @ 1161
[23:05:25] [TRADE] A 53 @ 1160
[23:05:25] [TRADE] ETF 5 @ 3131
[23:05:25] [TRADE] R_HIKE 1 @ 425
[23:05:25] [TRADE] R_CUT 1 @ 186
[23:05:25] [TRADE] B_C_1000 4 @ 30
[23:05:25] [TRADE] ETF 5 @ 3135
[23:05:25] [TRADE] R_HIKE 1 @ 427
[23:05:25] [TRADE] R_CUT 1 @ 185
[23:05:25] [TRADE] R_HIKE 1 @ 427
[23:05:25] [TRADE] R_CUT 1 @ 185
[23:05:25] [TRADE] R_HIKE 1 @ 427
[23:05:25] [TRADE] R_CUT 1 @ 185
[23:05:25] [TRADE] ETF 40 @ 3129
[23:05:26] [TRADE] ETF 5 @ 3130
[23:05:26] [TRADE] R_HIKE 1 @ 429
[23:05:26] [TRADE] R_CUT 1 @ 184
[23:05:26] [TRADE] R_HIKE 1 @ 429
[23:05:26] [TRADE] R_CUT 1 @ 184
[23:05:26] [TRADE] ETF 40 @ 3126
[23:05:26] [TRADE] ETF 5 @ 3127
[23:05:26] [TRADE] R_HIKE 1 @ 429
[23:05:26] [TRADE] R_CUT 1 @ 184
[23:05:26] [TRADE] R_HIKE 1 @ 429
[23:05:26] [TRADE] R_CUT 1 @ 184
[23:05:26] [TRADE] ETF 5 @ 3129
[23:05:26] [TRADE] R_HIKE 1 @ 433
[23:05:26] [TRADE] R_CUT 1 @ 180
[23:05:26] [TRADE] R_HIKE 1 @ 433
[23:05:26] [TRADE] R_CUT 1 @ 180
[23:05:26] [TRADE] ETF 40 @ 3125
[23:05:26] [TRADE] ETF 60 @ 3124
[23:05:26] [TRADE] ETF 80 @ 3123
[23:05:26] [TRADE] ETF 5 @ 3123
[23:05:26] [TRADE] R_HIKE 1 @ 433
[23:05:26] [TRADE] R_CUT 1 @ 181
[23:05:26] [TRADE] ETF 40 @ 3122
[23:05:26] [TRADE] ETF 60 @ 3122
[23:05:26] [TRADE] ETF 5 @ 3123
[23:05:26] [TRADE] R_HIKE 1 @ 434
[23:05:26] [TRADE] R_CUT 1 @ 180
[23:05:26] [TRADE] R_HIKE 1 @ 434
[23:05:26] [TRADE] R_CUT 1 @ 180
[23:05:27] [TRADE] ETF 5 @ 3121
[23:05:27] [TRADE] R_CUT 1 @ 182
[23:05:27] [TRADE] ETF 5 @ 3123
[23:05:27] [TRADE] R_HIKE 1 @ 430
[23:05:27] [TRADE] R_CUT 1 @ 182
[23:05:27] [TRADE] ETF 5 @ 3119
[23:05:27] [TRADE] R_HIKE 1 @ 428
[23:05:27] [TRADE] R_CUT 1 @ 184
[23:05:27] [TRADE] R_HIKE 1 @ 428
[23:05:27] [TRADE] R_CUT 1 @ 183
[23:05:27] [TRADE] R_HIKE 1 @ 428
[23:05:27] [TRADE] R_CUT 1 @ 183
[23:05:27] [TRADE] A 2 @ 1158
[23:05:27] [TRADE] R_HIKE 1 @ 429
[23:05:27] [TRADE] R_CUT 1 @ 182
[23:05:27] [TRADE] A 30 @ 1158
[23:05:27] [TRADE] R_HIKE 1 @ 429
[23:05:27] [TRADE] R_CUT 1 @ 182
[23:05:27] [TRADE] ETF 30 @ 3114
[23:05:28] [TRADE] A 30 @ 1155
[23:05:28] [TRADE] ETF 30 @ 3116
[23:05:28] [TRADE] R_HIKE 1 @ 429
[23:05:28] [TRADE] R_HIKE 1 @ 429
[23:05:28] [TRADE] A 30 @ 1154
[23:05:28] [TRADE] ETF 5 @ 3118
[23:05:28] [TRADE] B 5 @ 1001
[23:05:28] [TRADE] C 5 @ 983
[23:05:28] [TRADE] ETF 35 @ 3118
[23:05:28] [TRADE] ETF 5 @ 3119
[23:05:28] [TRADE] R_HIKE 1 @ 425
[23:05:28] [TRADE] R_CUT 1 @ 187
[23:05:28] [TRADE] A 30 @ 1151
[23:05:28] [TRADE] R_HIKE 1 @ 425
[23:05:28] [TRADE] R_CUT 1 @ 187
[23:05:28] [TRADE] ETF 40 @ 3121
[23:05:28] [TRADE] ETF 60 @ 3121
[23:05:28] [TRADE] R_HIKE 1 @ 425
[23:05:28] [TRADE] R_CUT 1 @ 187
[23:05:28] [TRADE] A 30 @ 1150
[23:05:28] [TRADE] ETF 40 @ 3122
[23:05:28] [TRADE] ETF 40 @ 3122
[23:05:28] [TRADE] ETF 20 @ 3121
[23:05:28] [TRADE] ETF 80 @ 3121
[23:05:28] [TRADE] R_HIKE 1 @ 425
[23:05:28] [TRADE] R_CUT 1 @ 187
[23:05:28] [TRADE] R_HIKE 1 @ 425
[23:05:28] [TRADE] R_CUT 1 @ 187
[23:05:28] [TRADE] ETF 5 @ 3121
[23:05:28] [TRADE] B 5 @ 1000
[23:05:28] [TRADE] C 5 @ 982
[23:05:28] [TRADE] A 24 @ 1147
[23:05:28] [TRADE] ETF 40 @ 3121
[23:05:28] [TRADE] ETF 55 @ 3121
[23:05:28] [TRADE] R_CUT 1 @ 187
[23:05:29] [TRADE] R_HIKE 1 @ 424
[23:05:29] [TRADE] R_CUT 1 @ 187
[23:05:29] [TRADE] R_HIKE 1 @ 424
[23:05:29] [TRADE] R_HIKE 1 @ 424
[23:05:29] [TRADE] R_CUT 1 @ 188
[23:05:29] [TRADE] ETF 5 @ 3123
[23:05:29] [TRADE] R_CUT 1 @ 190
[23:05:29] [TRADE] B 5 @ 996
[23:05:29] [TRADE] C 5 @ 983
[23:05:29] [TRADE] R_HIKE 1 @ 419
[23:05:29] [TRADE] R_CUT 1 @ 191
[23:05:29] [TRADE] R_HIKE 1 @ 418
[23:05:29] [TRADE] R_CUT 1 @ 192
[23:05:29] [TRADE] ETF 5 @ 3122
[23:05:29] [TRADE] A 40 @ 1157
[23:05:29] [TRADE] B 5 @ 999
[23:05:29] [TRADE] C 5 @ 985
[23:05:30] [TRADE] R_CUT 1 @ 191
[23:05:30] [TRADE] R_HIKE 1 @ 417
[23:05:30] [TRADE] R_CUT 1 @ 191
[23:05:30] [TRADE] A 40 @ 1154
[23:05:30] [TRADE] ETF 40 @ 3120
[23:05:30] [TRADE] ETF 60 @ 3121
[23:05:30] [TRADE] ETF 80 @ 3122
[23:05:30] [TRADE] R_HIKE 1 @ 414
[23:05:30] [TRADE] R_CUT 1 @ 194
[23:05:30] [TRADE] R_HIKE 1 @ 414
[23:05:30] [TRADE] ETF 5 @ 3122
[23:05:30] [TRADE] A 5 @ 1146
[23:05:30] [TRADE] B 5 @ 1003
[23:05:30] [TRADE] C 5 @ 989
[23:05:30] [TRADE] A 5 @ 1146
[23:05:30] [TRADE] R_HIKE 1 @ 414
[23:05:30] [TRADE] R_CUT 1 @ 195
[23:05:30] [TRADE] ETF 40 @ 3121
[23:05:30] [TRADE] ETF 60 @ 3121
[23:05:30] [TRADE] R_HIKE 1 @ 416
[23:05:30] [TRADE] R_CUT 1 @ 193
[23:05:30] [TRADE] ETF 30 @ 3121
[23:05:30] [TRADE] R_HIKE 1 @ 416
[23:05:30] [TRADE] R_CUT 1 @ 193
[23:05:30] [TRADE] ETF 30 @ 3122
[23:05:30] [TRADE] R_HIKE 1 @ 414
[23:05:30] [TRADE] R_CUT 1 @ 194
[23:05:30] [TRADE] ETF 5 @ 3122
[23:05:30] [TRADE] B 5 @ 1002
[23:05:30] [TRADE] C 5 @ 989
[23:05:31] [TRADE] R_HIKE 1 @ 416
[23:05:31] [TRADE] R_CUT 1 @ 193
[23:05:31] [TRADE] ETF 30 @ 3118
[23:05:31] [TRADE] A 5 @ 1141
[23:05:31] [TRADE] R_HIKE 1 @ 416
[23:05:31] [TRADE] R_CUT 1 @ 193
[23:05:31] [TRADE] ETF 40 @ 3114
[23:05:31] [TRADE] R_HIKE 1 @ 418
[23:05:31] [TRADE] R_CUT 1 @ 191
[23:05:31] [TRADE] ETF 30 @ 3115
[23:05:31] [TRADE] R_HIKE 1 @ 418
[23:05:31] [TRADE] R_CUT 1 @ 191
[23:05:31] [TRADE] R_HIKE 1 @ 420
[23:05:31] [TRADE] R_CUT 1 @ 190
[23:05:31] [TRADE] ETF 5 @ 3112
[23:05:31] [TRADE] B 5 @ 1000
[23:05:31] [TRADE] C 5 @ 986
[23:05:31] [TRADE] R_HIKE 1 @ 420
[23:05:31] [TRADE] R_CUT 1 @ 190
[23:05:31] [TRADE] ETF 35 @ 3112
[23:05:31] [TRADE] ETF 5 @ 3113
[23:05:31] [TRADE] R_HIKE 1 @ 422
[23:05:31] [TRADE] R_CUT 1 @ 189
[23:05:31] [TRADE] ETF 40 @ 3112
[23:05:31] [TRADE] ETF 20 @ 3112
[23:05:31] [TRADE] ETF 40 @ 3111
[23:05:31] [TRADE] ETF 40 @ 3111
[23:05:31] [TRADE] ETF 40 @ 3110
[23:05:31] [TRADE] ETF 60 @ 3110
[23:05:31] [TRADE] R_HIKE 1 @ 423
[23:05:31] [TRADE] R_CUT 1 @ 186
[23:05:31] [TRADE] R_HIKE 1 @ 423
[23:05:31] [TRADE] R_CUT 1 @ 186
[23:05:31] [TRADE] R_HIKE 1 @ 423
[23:05:31] [TRADE] R_CUT 1 @ 186
[23:05:31] [TRADE] ETF 5 @ 3110
[23:05:31] [TRADE] ETF 35 @ 3110
[23:05:31] [TRADE] A 5 @ 1131
[23:05:31] [TRADE] C 5 @ 989
[23:05:32] [TRADE] A 5 @ 1131
[23:05:32] [TRADE] R_HIKE 1 @ 423
[23:05:32] [TRADE] R_CUT 1 @ 186
[23:05:32] [TRADE] ETF 5 @ 3111
[23:05:32] [TRADE] ETF 35 @ 3110
[23:05:32] [TRADE] ETF 25 @ 3110
[23:05:32] [TRADE] ETF 35 @ 3109
[23:05:32] [TRADE] R_HIKE 1 @ 424
[23:05:32] [TRADE] R_HIKE 1 @ 424
[23:05:32] [TRADE] R_CUT 1 @ 187
[23:05:32] [TRADE] ETF 40 @ 3108
[23:05:32] [TRADE] ETF 60 @ 3108
[23:05:32] [TRADE] ETF 40 @ 3102
[23:05:32] [TRADE] R_HIKE 1 @ 424
[23:05:32] [TRADE] R_HIKE 1 @ 424
[23:05:32] [TRADE] R_CUT 1 @ 188
[23:05:32] [TRADE] ETF 5 @ 3102
[23:05:32] [TRADE] B 5 @ 995
[23:05:32] [TRADE] C 5 @ 985
[23:05:32] [TRADE] R_CUT 1 @ 188
[23:05:32] [TRADE] A 5 @ 1127
[23:05:32] [TRADE] R_HIKE 1 @ 423
[23:05:32] [TRADE] R_CUT 1 @ 188
[23:05:32] [TRADE] ETF 40 @ 3101
[23:05:32] [TRADE] B 5 @ 999
[23:05:32] [TRADE] B 35 @ 1002
[23:05:32] [TRADE] R_HIKE 1 @ 424
[23:05:32] [TRADE] R_CUT 1 @ 188
[23:05:32] [TRADE] R_HIKE 1 @ 424
[23:05:32] [TRADE] R_CUT 1 @ 188
[23:05:32] [TRADE] ETF 40 @ 3104
[23:05:32] [TRADE] ETF 60 @ 3104
[23:05:32] [TRADE] R_HIKE 1 @ 426
[23:05:32] [TRADE] R_CUT 1 @ 187
[23:05:32] [TRADE] ETF 5 @ 3111
[23:05:33] [TRADE] B 5 @ 1001
[23:05:33] [TRADE] C 5 @ 986
[23:05:33] [TRADE] R_HIKE 1 @ 426
[23:05:33] [TRADE] R_CUT 1 @ 187
[23:05:33] [TRADE] R_HIKE 1 @ 428
[23:05:33] [TRADE] R_CUT 1 @ 185
[23:05:33] [TRADE] ETF 40 @ 3108
[23:05:33] [TRADE] ETF 60 @ 3109
[23:05:33] [TRADE] ETF 80 @ 3110
[23:05:33] [TRADE] R_HIKE 1 @ 428
[23:05:33] [TRADE] R_CUT 1 @ 185
[23:05:33] [TRADE] R_HIKE 1 @ 428
[23:05:33] [TRADE] R_CUT 1 @ 185
[23:05:33] [TRADE] R_HIKE 1 @ 428
[23:05:33] [TRADE] R_CUT 1 @ 185
[23:05:33] [TRADE] ETF 5 @ 3111
[23:05:33] [TRADE] A 5 @ 1120
[23:05:33] [TRADE] B 5 @ 1001
[23:05:33] [TRADE] C 5 @ 989
[23:05:33] [TRADE] ETF 40 @ 3111
[23:05:33] [TRADE] ETF 55 @ 3111
[23:05:33] [TRADE] ETF 5 @ 3118
[23:05:33] [TRADE] ETF 35 @ 3118
[23:05:33] [TRADE] A 5 @ 1117
[23:05:33] [TRADE] R_HIKE 1 @ 429
[23:05:33] [TRADE] R_CUT 1 @ 185
[23:05:33] [TRADE] R_HIKE 1 @ 429
[23:05:33] [TRADE] R_CUT 1 @ 185
[23:05:33] [TRADE] R_HIKE 1 @ 430
[23:05:33] [TRADE] R_CUT 1 @ 185
[23:05:33] [TRADE] R_HIKE 1 @ 430
[23:05:33] [TRADE] R_CUT 1 @ 185
[23:05:34] [TRADE] R_HIKE 1 @ 431
[23:05:34] [TRADE] R_CUT 1 @ 183
[23:05:34] [TRADE] ETF 5 @ 3122
[23:05:34] [TRADE] B 5 @ 1002
[23:05:34] [TRADE] C 5 @ 984
[23:05:34] [TRADE] R_HIKE 1 @ 431
[23:05:34] [TRADE] R_CUT 1 @ 183
[23:05:34] [TRADE] ETF 40 @ 3118
[23:05:34] [TRADE] ETF 60 @ 3117
[23:05:34] [TRADE] ETF 80 @ 3116
[23:05:34] [TRADE] ETF 100 @ 3115
[23:05:34] [TRADE] A 5 @ 1119
[23:05:34] [TRADE] R_HIKE 1 @ 430
[23:05:34] [TRADE] R_CUT 1 @ 183
[23:05:34] [TRADE] R_HIKE 1 @ 430
[23:05:34] [TRADE] R_CUT 1 @ 183
[23:05:34] [TRADE] R_HIKE 1 @ 430
[23:05:34] [TRADE] R_CUT 1 @ 182
[23:05:34] [TRADE] R_HIKE 1 @ 430
[23:05:34] [TRADE] R_CUT 1 @ 182
[23:05:34] [TRADE] ETF 5 @ 3108
[23:05:34] [TRADE] B 5 @ 1003
[23:05:34] [TRADE] C 5 @ 986
[23:05:34] [TRADE] R_HIKE 1 @ 428
[23:05:34] [TRADE] R_CUT 1 @ 184
[23:05:34] [TRADE] R_HIKE 1 @ 428
[23:05:34] [TRADE] R_CUT 1 @ 184
[23:05:34] [TRADE] A 5 @ 1113
[23:05:34] [TRADE] R_HIKE 1 @ 425
[23:05:34] [TRADE] R_CUT 1 @ 186
[23:05:34] [TRADE] R_HIKE 1 @ 425
[23:05:34] [TRADE] R_CUT 1 @ 186
[23:05:34] [TRADE] ETF 40 @ 3101
[23:05:34] [TRADE] ETF 60 @ 3102
[23:05:35] [TRADE] R_HIKE 1 @ 427
[23:05:35] [TRADE] R_CUT 1 @ 184
[23:05:35] [TRADE] ETF 5 @ 3104
[23:05:35] [TRADE] B 5 @ 1002
[23:05:35] [TRADE] C 5 @ 986
[23:05:35] [TRADE] A 5 @ 1112
[23:05:35] [TRADE] R_HIKE 1 @ 427
[23:05:35] [TRADE] R_CUT 1 @ 184
[23:05:35] [TRADE] ETF 95 @ 3104
[23:05:35] [TRADE] ETF 38 @ 3110
[23:05:35] [TRADE] ETF 2 @ 3110
[23:05:35] [TRADE] ETF 38 @ 3111
[23:05:35] [TRADE] R_HIKE 1 @ 429
[23:05:35] [TRADE] R_CUT 1 @ 183
[23:05:35] [TRADE] R_HIKE 1 @ 429
[23:05:35] [TRADE] R_CUT 1 @ 183
[23:05:35] [TRADE] ETF 40 @ 3110
[23:05:35] [TRADE] R_HIKE 1 @ 430
[23:05:35] [TRADE] R_CUT 1 @ 182
[23:05:35] [TRADE] A 2 @ 1115
[23:05:35] [TRADE] R_HIKE 1 @ 431
[23:05:35] [TRADE] R_CUT 1 @ 181
[23:05:35] [TRADE] R_HIKE 1 @ 431
[23:05:35] [TRADE] R_CUT 1 @ 181
[23:05:35] [TRADE] ETF 5 @ 3111
[23:05:35] [TRADE] ETF 35 @ 3108
[23:05:35] [TRADE] R_HIKE 1 @ 431
[23:05:35] [TRADE] R_CUT 1 @ 180
[23:05:35] [TRADE] B 5 @ 1006
[23:05:35] [TRADE] C 5 @ 985
[23:05:35] [TRADE] R_HIKE 1 @ 431
[23:05:35] [TRADE] R_CUT 1 @ 180
[23:05:36] [TRADE] A 5 @ 1108
[23:05:36] [TRADE] R_HIKE 1 @ 429
[23:05:36] [TRADE] R_CUT 1 @ 181
[23:05:36] [TRADE] ETF 5 @ 3108
[23:05:36] [TRADE] B 5 @ 1007
[23:05:36] [TRADE] C 5 @ 985
[23:05:36] [TRADE] ETF 40 @ 3102
[23:05:36] [TRADE] ETF 60 @ 3101
[23:05:36] [TRADE] B_C_950 3 @ 65
[23:05:36] [TRADE] ETF 80 @ 3100
[23:05:36] [TRADE] ETF 100 @ 3099
[23:05:36] [TRADE] R_HIKE 1 @ 426
[23:05:36] [TRADE] R_CUT 1 @ 183
[23:05:36] [TRADE] R_CUT 1 @ 185
[23:05:36] [TRADE] C 40 @ 991
[23:05:36] [TRADE] C 60 @ 992
[23:05:36] [TRADE] A 5 @ 1104
[23:05:36] [TRADE] R_CUT 1 @ 186
[23:05:36] [TRADE] ETF 5 @ 3096
[23:05:36] [TRADE] ETF 35 @ 3092
[23:05:36] [TRADE] ETF 5 @ 3092
[23:05:36] [TRADE] ETF 55 @ 3091
[23:05:36] [TRADE] ETF 5 @ 3091
[23:05:36] [TRADE] B 5 @ 1006
[23:05:36] [TRADE] C 5 @ 991
[23:05:36] [TRADE] R_CUT 1 @ 187
[23:05:36] [TRADE] ETF 30 @ 3089
[23:05:36] [TRADE] R_CUT 1 @ 187
[23:05:37] [TRADE] ETF 30 @ 3089
[23:05:37] [TRADE] R_CUT 1 @ 187
[23:05:37] [TRADE] R_CUT 1 @ 187
[23:05:37] [TRADE] ETF 5 @ 3092
[23:05:37] [TRADE] A 5 @ 1104
[23:05:37] [TRADE] B 5 @ 1005
[23:05:37] [TRADE] C 5 @ 990
[23:05:37] [TRADE] ETF 40 @ 3092
[23:05:37] [TRADE] ETF 55 @ 3092
[23:05:37] [TRADE] ETF 5 @ 3095
[23:05:37] [TRADE] ETF 35 @ 3095
[23:05:37] [TRADE] ETF 45 @ 3096
[23:05:37] [TRADE] ETF 15 @ 3096
[23:05:37] [TRADE] ETF 80 @ 3097
[23:05:37] [TRADE] A 5 @ 1104
[23:05:37] [TRADE] R_HIKE 40 @ 427
[23:05:37] [TRADE] B_P_1050 3 @ 51
[23:05:37] [TRADE] R_CUT 40 @ 182
[23:05:37] [TRADE] R_CUT 60 @ 181
[23:05:37] [TRADE] R_CUT 80 @ 180
[23:05:37] [TRADE] R_HOLD 40 @ 388
[23:05:37] [TRADE] R_HIKE 60 @ 428
[23:05:37] [TRADE] B_P_1000 4 @ 22
[23:05:37] [TRADE] R_CUT 100 @ 179
[23:05:37] [TRADE] R_HOLD 60 @ 387
[23:05:37] [TRADE] R_HIKE 80 @ 429
[23:05:37] [TRADE] R_HOLD 80 @ 387
[23:05:37] [TRADE] R_HOLD 20 @ 387
[23:05:37] [TRADE] R_HIKE 20 @ 429
[23:05:37] [TRADE] R_HIKE 80 @ 429
[23:05:37] [TRADE] R_HIKE 40 @ 430
[23:05:37] [TRADE] R_HIKE 40 @ 430
[23:05:37] [TRADE] R_HIKE 20 @ 430
[23:05:37] [TRADE] R_HIKE 20 @ 451
[23:05:37] [TRADE] R_HIKE 20 @ 451
[23:05:37] [TRADE] R_HIKE 20 @ 452
[23:05:37] [TRADE] R_HIKE 40 @ 452
[23:05:37] [TRADE] R_CUT 40 @ 169
[23:05:37] [TRADE] R_CUT 40 @ 168
[23:05:37] [TRADE] R_CUT 20 @ 168
[23:05:37] [TRADE] R_CUT 20 @ 167
[23:05:37] [TRADE] R_CUT 40 @ 167
[23:05:37] [TRADE] R_CUT 20 @ 167
[23:05:37] [TRADE] R_CUT 20 @ 166
[23:05:37] [TRADE] R_HOLD 40 @ 385
[23:05:37] [TRADE] ETF 5 @ 3105
[23:05:37] [TRADE] R_CUT 40 @ 166
[23:05:37] [TRADE] R_HOLD 60 @ 385
[23:05:37] [TRADE] R_HIKE 40 @ 453
[23:05:37] [TRADE] R_CUT 40 @ 166
[23:05:37] [TRADE] R_HIKE 40 @ 453
[23:05:37] [TRADE] R_HIKE 20 @ 454
[23:05:37] [TRADE] R_HIKE 80 @ 454
[23:05:37] [TRADE] R_HOLD 40 @ 378
[23:05:37] [TRADE] R_HOLD 40 @ 377
[23:05:37] [TRADE] C 5 @ 984
[23:05:37] [TRADE] A 5 @ 1103
[23:05:37] [TRADE] R_HIKE 40 @ 470
[23:05:37] [TRADE] ETF 40 @ 3101
[23:05:37] [TRADE] ETF 60 @ 3103
[23:05:37] [TRADE] R_CUT 40 @ 158
[23:05:37] [TRADE] R_HOLD 40 @ 375
[23:05:37] [TRADE] R_CUT 60 @ 157
[23:05:37] [TRADE] R_CUT 80 @ 156
[23:05:37] [TRADE] R_HOLD 60 @ 375
[23:05:37] [TRADE] R_HIKE 60 @ 471
[23:05:37] [TRADE] R_HIKE 80 @ 472
[23:05:37] [TRADE] R_HIKE 100 @ 473
[23:05:38] [TRADE] R_HIKE 40 @ 487
[23:05:38] [TRADE] R_HIKE 60 @ 488
[23:05:38] [TRADE] R_HOLD 40 @ 366
[23:05:38] [TRADE] R_CUT 40 @ 155
[23:05:38] [TRADE] R_CUT 60 @ 155
[23:05:38] [TRADE] R_HOLD 60 @ 366
[23:05:38] [TRADE] R_HIKE 80 @ 489
[23:05:38] [TRADE] ETF 5 @ 3099
[23:05:38] [TRADE] B 5 @ 1002
[23:05:38] [TRADE] C 5 @ 979
[23:05:38] [TRADE] R_HIKE 40 @ 490
[23:05:38] [TRADE] R_CUT 40 @ 145
[23:05:38] [TRADE] R_HIKE 60 @ 490
[23:05:38] [TRADE] R_CUT 60 @ 145
[23:05:38] [TRADE] R_HOLD 40 @ 359
[23:05:38] [TRADE] R_HIKE 40 @ 497
[23:05:38] [TRADE] R_HIKE 40 @ 498
[23:05:38] [TRADE] R_HIKE 20 @ 498
[23:05:38] [TRADE] R_HIKE 80 @ 499
[23:05:38] [TRADE] R_HOLD 1 @ 360
[23:05:38] [TRADE] ETF 5 @ 3092
[23:05:38] [TRADE] ETF 35 @ 3092
[23:05:38] [TRADE] R_HIKE 40 @ 500
[23:05:38] [TRADE] R_CUT 40 @ 138
[23:05:38] [TRADE] R_HOLD 40 @ 356
[23:05:38] [TRADE] R_CUT 60 @ 138
[23:05:38] [TRADE] R_HOLD 60 @ 356
[23:05:38] [TRADE] R_HIKE 60 @ 500
[23:05:38] [TRADE] R_HIKE 40 @ 508
[23:05:38] [TRADE] R_HIKE 40 @ 509
[23:05:38] [TRADE] R_HIKE 20 @ 509
[23:05:38] [TRADE] R_HOLD 1 @ 357
[23:05:38] [TRADE] R_HOLD 1 @ 357
[23:05:38] [TRADE] ETF 5 @ 3092
[23:05:38] [TRADE] R_HIKE 40 @ 509
[23:05:38] [TRADE] R_HIKE 40 @ 509
[23:05:38] [TRADE] R_CUT 40 @ 138
[23:05:38] [TRADE] R_CUT 40 @ 138
[23:05:38] [TRADE] R_CUT 40 @ 139
[23:05:38] [TRADE] R_CUT 40 @ 139
[23:05:38] [TRADE] R_CUT 20 @ 139
[23:05:38] [TRADE] R_CUT 20 @ 145
[23:05:38] [TRADE] A 5 @ 1093
[23:05:38] [TRADE] B 5 @ 1003
[23:05:38] [TRADE] C 5 @ 976
[23:05:38] [TRADE] ETF 5 @ 3089
[23:05:38] [TRADE] R_HOLD 1 @ 357
[23:05:38] [TRADE] R_CUT 40 @ 133
[23:05:38] [TRADE] R_HIKE 40 @ 511
[23:05:38] [TRADE] ETF 40 @ 3089
[23:05:38] [TRADE] R_CUT 60 @ 133
[23:05:38] [TRADE] R_HIKE 60 @ 511
[23:05:38] [TRADE] ETF 55 @ 3089
[23:05:38] [TRADE] ETF 5 @ 3086
[23:05:38] [TRADE] ETF 35 @ 3086
[23:05:38] [TRADE] ETF 45 @ 3085
[23:05:38] [TRADE] R_HIKE 40 @ 518
[23:05:38] [TRADE] ETF 15 @ 3085
[23:05:38] [TRADE] A 5 @ 1095
[23:05:38] [TRADE] R_HOLD 1 @ 353
[23:05:38] [TRADE] ETF 5 @ 3083
[23:05:38] [TRADE] R_HOLD 1 @ 353
[23:05:38] [TRADE] R_HIKE 40 @ 521
[23:05:38] [TRADE] ETF 40 @ 3083
[23:05:38] [TRADE] ETF 55 @ 3083
[23:05:38] [TRADE] R_CUT 40 @ 127
[23:05:38] [TRADE] R_HIKE 60 @ 521
[23:05:39] [TRADE] R_HOLD 1 @ 350
[23:05:39] [TRADE] ETF 5 @ 3074
[23:05:39] [TRADE] R_HIKE 40 @ 529
[23:05:39] [TRADE] R_HIKE 60 @ 529
[23:05:39] [TRADE] R_HOLD 1 @ 347
[23:05:39] [TRADE] ETF 5 @ 3080
[23:05:39] [TRADE] B 5 @ 1001
[23:05:39] [TRADE] C 5 @ 971
[23:05:39] [TRADE] R_HOLD 1 @ 347
[23:05:39] [TRADE] ETF 5 @ 3074
[23:05:39] [TRADE] R_HIKE 40 @ 535
[23:05:39] [TRADE] R_HIKE 60 @ 535
[23:05:39] [TRADE] R_HOLD 1 @ 344
[23:05:39] [TRADE] A 5 @ 1092
[23:05:39] [TRADE] R_HOLD 1 @ 344
[23:05:39] [TRADE] ETF 5 @ 3077
[23:05:39] [TRADE] R_HIKE 40 @ 542
[23:05:39] [TRADE] R_HIKE 60 @ 542
[23:05:39] [TRADE] R_HOLD 1 @ 340
[23:05:39] [TRADE] R_HOLD 1 @ 340
[23:05:39] [TRADE] ETF 5 @ 3084
[23:05:39] [TRADE] ETF 5 @ 3078
[23:05:39] [TRADE] R_HOLD 1 @ 339
[23:05:39] [TRADE] C 5 @ 971
[23:05:39] [TRADE] ETF 5 @ 3081
[23:05:39] [TRADE] ETF 35 @ 3081
[23:05:39] [TRADE] ETF 5 @ 3080
[23:05:39] [TRADE] ETF 55 @ 3080
[23:05:40] [TRADE] A 5 @ 1094
[23:05:40] [TRADE] R_HOLD 1 @ 340
[23:05:40] [TRADE] ETF 5 @ 3078
[23:05:40] [TRADE] A 35 @ 1094
[23:05:40] [TRADE] A 60 @ 1093
[23:05:40] [TRADE] A 38 @ 1092
[23:05:40] [TRADE] R_HOLD 1 @ 342
[23:05:40] [TRADE] B 5 @ 997
[23:05:40] [TRADE] ETF 5 @ 3080
[23:05:40] [TRADE] B 5 @ 998
[23:05:40] [TRADE] C 5 @ 970
[23:05:40] [TRADE] ETF 5 @ 3078
[23:05:40] [TRADE] A 5 @ 1094
[23:05:40] [TRADE] R_HOLD 1 @ 344
[23:05:40] [TRADE] ETF 5 @ 3085
[23:05:40] [TRADE] B 5 @ 998
[23:05:40] [TRADE] C 5 @ 971
[23:05:40] [TRADE] ETF 5 @ 3076
[23:05:40] [TRADE] ETF 5 @ 3077
[23:05:41] [TRADE] R_HOLD 1 @ 348
[23:05:41] [TRADE] R_HOLD 1 @ 348
[23:05:41] [TRADE] ETF 40 @ 3083
[23:05:41] [TRADE] ETF 60 @ 3084
[23:05:41] [TRADE] ETF 80 @ 3085
[23:05:41] [TRADE] ETF 20 @ 3085
[23:05:41] [TRADE] ETF 80 @ 3085
[23:05:41] [TRADE] ETF 5 @ 3074
[23:05:41] [TRADE] ETF 5 @ 3085
[23:05:41] [TRADE] A 5 @ 1095
[23:05:41] [TRADE] R_HOLD 1 @ 350
[23:05:41] [TRADE] ETF 5 @ 3088
[23:05:41] [TRADE] R_HOLD 1 @ 352
[23:05:41] [TRADE] ETF 5 @ 3087
[23:05:41] [TRADE] R_HOLD 1 @ 354
[23:05:41] [TRADE] ETF 5 @ 3089
[23:05:41] [TRADE] R_HOLD 1 @ 353
[23:05:42] [TRADE] R_HOLD 1 @ 353
[23:05:42] [TRADE] ETF 5 @ 3090
[23:05:42] [TRADE] R_HOLD 1 @ 355
[23:05:42] [TRADE] ETF 40 @ 3096
[23:05:42] [TRADE] ETF 5 @ 3096
[23:05:42] [TRADE] R_HOLD 1 @ 354
[23:05:42] [TRADE] R_HOLD 1 @ 354
[23:05:42] [TRADE] ETF 40 @ 3096
[23:05:42] [TRADE] C 40 @ 976
[23:05:42] [TRADE] ETF 15 @ 3096
[23:05:42] [TRADE] ETF 45 @ 3095
[23:05:42] [TRADE] C 60 @ 978
[23:05:42] [TRADE] ETF 35 @ 3095
[23:05:42] [TRADE] ETF 45 @ 3094
[23:05:42] [TRADE] ETF 55 @ 3094
[23:05:42] [TRADE] ETF 5 @ 3085
[23:05:42] [TRADE] R_HOLD 1 @ 354
[23:05:42] [TRADE] R_HOLD 1 @ 354
[23:05:42] [TRADE] B 5 @ 997
[23:05:42] [TRADE] C 5 @ 970
[23:05:42] [TRADE] ETF 5 @ 3083
[23:05:42] [TRADE] A 5 @ 1098
[23:05:42] [TRADE] R_HOLD 1 @ 352
[23:05:42] [TRADE] ETF 5 @ 3089
[23:05:42] [TRADE] B 5 @ 1001
[23:05:42] [TRADE] C 5 @ 970
[23:05:42] [TRADE] R_HOLD 1 @ 352
[23:05:42] [TRADE] ETF 35 @ 3083
[23:05:42] [TRADE] ETF 5 @ 3080
[23:05:42] [TRADE] R_HOLD 1 @ 352
[23:05:43] [TRADE] A 5 @ 1096
[23:05:43] [TRADE] R_HOLD 1 @ 352
[23:05:43] [TRADE] ETF 5 @ 3075
[23:05:43] [TRADE] R_HOLD 1 @ 353
[23:05:43] [TRADE] R_HOLD 1 @ 353
[23:05:43] [TRADE] ETF 5 @ 3081
[23:05:43] [TRADE] B 5 @ 997
[23:05:43] [TRADE] C 5 @ 973
[23:05:43] [TRADE] ETF 5 @ 3078
[23:05:43] [TRADE] R_HOLD 1 @ 355
[23:05:43] [TRADE] A 5 @ 1097
[23:05:43] [TRADE] R_HOLD 1 @ 355
[23:05:43] [TRADE] ETF 5 @ 3078
[23:05:43] [TRADE] R_HOLD 1 @ 358
[23:05:43] [TRADE] R_HOLD 1 @ 358
[23:05:43] [TRADE] ETF 5 @ 3081
[23:05:43] [TRADE] R_HOLD 1 @ 359
[23:05:43] [TRADE] ETF 5 @ 3084
[23:05:44] [TRADE] B 5 @ 997
[23:05:44] [TRADE] C 5 @ 972
[23:05:44] [TRADE] R_HOLD 1 @ 359
[23:05:44] [TRADE] A 40 @ 1106
[23:05:44] [TRADE] ETF 40 @ 3088
[23:05:44] [TRADE] A 5 @ 1105
[23:05:44] [TRADE] R_HOLD 1 @ 359
[23:05:44] [TRADE] ETF 5 @ 3087
[23:05:44] [TRADE] R_HOLD 1 @ 359
[23:05:44] [TRADE] ETF 40 @ 3087
[23:05:44] [TRADE] ETF 15 @ 3087
[23:05:44] [TRADE] ETF 45 @ 3086
[23:05:44] [TRADE] ETF 35 @ 3086
[23:05:44] [TRADE] ETF 45 @ 3085
[23:05:44] [TRADE] ETF 55 @ 3085
[23:05:44] [TRADE] R_HOLD 1 @ 359
[23:05:44] [TRADE] ETF 5 @ 3085
[23:05:44] [TRADE] ETF 5 @ 3076
[23:05:44] [TRADE] B 5 @ 994
[23:05:44] [TRADE] C 5 @ 970
[23:05:44] [TRADE] A 5 @ 1103
[23:05:44] [TRADE] R_HOLD 1 @ 359
[23:05:44] [TRADE] ETF 35 @ 3076
[23:05:44] [TRADE] ETF 5 @ 3075
[23:05:44] [TRADE] ETF 55 @ 3075
[23:05:44] [TRADE] ETF 5 @ 3074
[23:05:44] [TRADE] ETF 75 @ 3074
[23:05:44] [TRADE] ETF 5 @ 3073
[23:05:44] [TRADE] ETF 95 @ 3073
[23:05:44] [TRADE] ETF 5 @ 3064
[23:05:44] [TRADE] R_HOLD 1 @ 360
[23:05:44] [TRADE] ETF 5 @ 3073
[23:05:44] [TRADE] ETF 5 @ 3074
[23:05:44] [TRADE] R_HOLD 1 @ 363
[23:05:44] [TRADE] ETF 5 @ 3080
[23:05:44] [TRADE] B 5 @ 992
[23:05:44] [TRADE] C 5 @ 972
[23:05:44] [TRADE] R_HIKE 40 @ 505
[23:05:44] [TRADE] ETF 5 @ 3071
[23:05:45] [TRADE] A 5 @ 1107
[23:05:45] [TRADE] ETF 35 @ 3071
[23:05:45] [TRADE] ETF 5 @ 3071
[23:05:45] [TRADE] R_HIKE 40 @ 501
[23:05:45] [TRADE] R_HIKE 60 @ 501
[23:05:45] [TRADE] ETF 60 @ 3071
[23:05:45] [TRADE] ETF 35 @ 3071
[23:05:45] [TRADE] ETF 45 @ 3070
[23:05:45] [TRADE] ETF 15 @ 3070
[23:05:45] [TRADE] ETF 80 @ 3069
[23:05:45] [TRADE] ETF 5 @ 3068
[23:05:45] [TRADE] ETF 40 @ 3068
[23:05:45] [TRADE] ETF 55 @ 3068
[23:05:45] [TRADE] ETF 5 @ 3057
[23:05:45] [TRADE] ETF 5 @ 3064
[23:05:45] [TRADE] B 5 @ 989
[23:05:45] [TRADE] C 5 @ 975
[23:05:45] [TRADE] ETF 40 @ 3063
[23:05:45] [TRADE] ETF 5 @ 3055
[23:05:45] [TRADE] A 5 @ 1108
[23:05:45] [TRADE] ETF 40 @ 3062
[23:05:45] [TRADE] ETF 20 @ 3062
[23:05:46] [TRADE] R_HOLD 1 @ 363
[23:05:46] [TRADE] R_HOLD 1 @ 363
[23:05:46] [TRADE] R_HOLD 1 @ 364
[23:05:46] [TRADE] R_HOLD 1 @ 364
[23:05:46] [TRADE] R_HOLD 1 @ 363
[23:05:46] [TRADE] ETF 40 @ 3068
[23:05:46] [TRADE] R_HIKE 40 @ 504
[23:05:46] [TRADE] ETF 40 @ 3065
[23:05:46] [TRADE] ETF 60 @ 3065
[23:05:46] [TRADE] R_HOLD 1 @ 363
[23:05:46] [TRADE] R_HOLD 1 @ 363
[23:05:46] [TRADE] ETF 5 @ 3064
[23:05:46] [TRADE] R_HOLD 1 @ 363
[23:05:46] [TRADE] C 5 @ 971
[23:05:47] [TRADE] R_HOLD 1 @ 363
[23:05:47] [TRADE] R_HOLD 1 @ 363
[23:05:47] [TRADE] A 5 @ 1107
[23:05:47] [TRADE] R_HOLD 1 @ 363
[23:05:47] [TRADE] B_C_1000 4 @ 21
[23:05:47] [TRADE] R_HOLD 1 @ 364
[23:05:47] [TRADE] ETF 5 @ 3059
[23:05:47] [TRADE] R_HIKE 40 @ 502
[23:05:47] [TRADE] B 5 @ 986
[23:05:47] [TRADE] C 5 @ 972
[23:05:47] [TRADE] A 5 @ 1106
[23:05:47] [TRADE] B_C_950 3 @ 49
[23:05:48] [TRADE] R_HIKE 40 @ 495
[23:05:48] [TRADE] ETF 40 @ 3066
[23:05:48] [TRADE] ETF 60 @ 3067
[23:05:48] [TRADE] B 5 @ 991
[23:05:48] [TRADE] ETF 40 @ 3074
[23:05:48] [TRADE] ETF 60 @ 3075
[23:05:48] [TRADE] C 40 @ 975
[23:05:48] [TRADE] C 93 @ 977
[23:05:48] [TRADE] ETF 100 @ 3077
[23:05:48] [TRADE] ETF 33 @ 3082
[23:05:49] [TRADE] ETF 40 @ 3080
[23:05:49] [TRADE] C 40 @ 975
[23:05:49] [TRADE] C 93 @ 976
[23:05:49] [TRADE] ETF 60 @ 3079
[23:05:49] [TRADE] ETF 40 @ 3077
[23:05:49] [TRADE] ETF 60 @ 3077
[23:05:49] [TRADE] B 40 @ 991
[23:05:50] [TRADE] ETF 40 @ 3072
[23:05:50] [TRADE] ETF 40 @ 3069
[23:05:51] [TRADE] ETF 40 @ 3068
[23:05:51] [TRADE] ETF 60 @ 3067
[23:05:51] [TRADE] ETF 40 @ 3065
[23:05:51] [TRADE] ETF 60 @ 3065
[23:05:51] [TRADE] ETF 5 @ 3064
[23:05:51] [TRADE] B_P_1050 3 @ 67
[23:05:51] [TRADE] A 5 @ 1110
[23:05:51] [TRADE] ETF 5 @ 3061
[23:05:51] [TRADE] B 5 @ 986
[23:05:51] [TRADE] C 5 @ 970
[23:05:51] [TRADE] B 5 @ 987
[23:05:52] [TRADE] A 5 @ 1110
[23:05:52] [TRADE] C 5 @ 971
[23:05:52] [TRADE] ETF 40 @ 3066
[23:05:52] [TRADE] ETF 60 @ 3065
[23:05:52] [TRADE] ETF 5 @ 3065
[23:05:52] [TRADE] ETF 75 @ 3064
[23:05:52] [TRADE] ETF 5 @ 3064
[23:05:52] [TRADE] C 5 @ 971
[23:05:52] [TRADE] ETF 5 @ 3064
[23:05:52] [TRADE] ETF 40 @ 3063
[23:05:52] [TRADE] ETF 60 @ 3063
[23:05:52] [TRADE] A 5 @ 1119
[23:05:52] [TRADE] A 5 @ 1119
[23:05:52] [TRADE] B 5 @ 982
[23:05:52] [TRADE] C 5 @ 971
[23:05:52] [TRADE] ETF 40 @ 3061
[23:05:52] [TRADE] ETF 40 @ 3061
[23:05:52] [TRADE] ETF 20 @ 3062
[23:05:52] [TRADE] ETF 80 @ 3062
[23:05:53] [TRADE] A 40 @ 1122
[23:05:53] [TRADE] B_P_1000 4 @ 35
[23:05:53] [TRADE] A 60 @ 1122
[23:05:53] [TRADE] ETF 5 @ 3067
[23:05:53] [TRADE] B 5 @ 980
[23:05:53] [TRADE] C 5 @ 970
[23:05:53] [TRADE] R_HIKE 40 @ 483
[23:05:53] [TRADE] R_HIKE 40 @ 480
[23:05:53] [TRADE] ETF 5 @ 3065
[23:05:53] [TRADE] ETF 40 @ 3059
[23:05:53] [TRADE] C 5 @ 973
[23:05:54] [TRADE] A 10 @ 1111
[23:05:54] [TRADE] A 5 @ 1112
[23:05:54] [TRADE] ETF 5 @ 3060
[23:05:54] [TRADE] B 5 @ 976
[23:05:54] [TRADE] C 5 @ 971
[23:05:54] [TRADE] ETF 5 @ 3063
[23:05:54] [TRADE] R_CUT 40 @ 152
[23:05:54] [TRADE] R_CUT 60 @ 153
[23:05:54] [TRADE] R_HIKE 40 @ 475
[23:05:54] [TRADE] R_HIKE 60 @ 474
[23:05:54] [TRADE] B 40 @ 978
[23:05:54] [TRADE] R_HIKE 80 @ 473
[23:05:54] [TRADE] R_HIKE 100 @ 472
[23:05:54] [TRADE] ETF 5 @ 3062
[23:05:54] [TRADE] R_CUT 40 @ 155
[23:05:54] [TRADE] R_HOLD 40 @ 379
[23:05:54] [TRADE] R_CUT 60 @ 155
[23:05:54] [TRADE] R_HIKE 40 @ 462
[23:05:54] [TRADE] B_P_1050 20 @ 80
[23:05:54] [TRADE] R_HIKE 60 @ 461
[23:05:54] [TRADE] R_HIKE 80 @ 460
[23:05:54] [TRADE] ETF 5 @ 3059
[23:05:54] [TRADE] ETF 5 @ 3059
[23:05:54] [TRADE] B 5 @ 970
[23:05:54] [TRADE] C 5 @ 977
[23:05:54] [TRADE] R_HOLD 40 @ 383
[23:05:54] [TRADE] R_CUT 40 @ 164
[23:05:54] [TRADE] R_HIKE 40 @ 459
[23:05:54] [TRADE] R_CUT 60 @ 164
[23:05:54] [TRADE] R_HOLD 60 @ 383
[23:05:54] [TRADE] R_HIKE 60 @ 459
[23:05:54] [TRADE] R_HIKE 40 @ 451
[23:05:54] [TRADE] R_HIKE 40 @ 450
[23:05:55] [TRADE] ETF 5 @ 3061
[23:05:55] [TRADE] A 5 @ 1107
[23:05:55] [TRADE] R_CUT 40 @ 169
[23:05:55] [TRADE] R_HIKE 40 @ 448
[23:05:55] [TRADE] R_HIKE 60 @ 448
[23:05:55] [TRADE] ETF 40 @ 3064
[23:05:55] [TRADE] ETF 60 @ 3064
[23:05:55] [TRADE] R_HIKE 40 @ 439
[23:05:55] [TRADE] R_HIKE 60 @ 439
[23:05:55] [TRADE] ETF 40 @ 3069
[23:05:55] [TRADE] ETF 60 @ 3069
[23:05:55] [TRADE] ETF 40 @ 3068
[23:05:55] [TRADE] ETF 40 @ 3068
[23:05:55] [TRADE] ETF 20 @ 3067
[23:05:55] [TRADE] B_P_950 2 @ 18
[23:05:55] [TRADE] ETF 80 @ 3067
[23:05:55] [TRADE] A 40 @ 1115
[23:05:56] [TRADE] ETF 5 @ 3061
[23:05:56] [TRADE] ETF 35 @ 3057
[23:05:56] [TRADE] ETF 5 @ 3057
[23:05:56] [TRADE] ETF 55 @ 3056
[23:05:56] [TRADE] ETF 5 @ 3056
[23:05:56] [TRADE] ETF 75 @ 3055
[23:05:56] [TRADE] B 5 @ 969
[23:05:56] [TRADE] ETF 40 @ 3054
[23:05:56] [TRADE] ETF 60 @ 3054
[23:05:56] [TRADE] A 5 @ 1109
[23:05:56] [TRADE] ETF 5 @ 3050
[23:05:56] [TRADE] ETF 5 @ 3050
[23:05:56] [TRADE] B 5 @ 971
[23:05:56] [TRADE] C 5 @ 976
[23:05:56] [TRADE] ETF 5 @ 3046
[23:05:56] [TRADE] ETF 35 @ 3046
[23:05:56] [TRADE] ETF 5 @ 3047
[23:05:56] [TRADE] C 5 @ 978
[23:05:56] [TRADE] ETF 55 @ 3047
[23:05:56] [TRADE] ETF 5 @ 3048
[23:05:56] [TRADE] A 5 @ 1111
[23:05:56] [TRADE] A 40 @ 1117
[23:05:56] [TRADE] ETF 5 @ 3049
[23:05:56] [TRADE] ETF 5 @ 3048
[23:05:56] [TRADE] B 5 @ 973
[23:05:56] [TRADE] C 5 @ 977
[23:05:56] [TRADE] ETF 5 @ 3048
[23:05:56] [TRADE] A 5 @ 1110
[23:05:57] [TRADE] ETF 5 @ 3050
[23:05:57] [TRADE] ETF 40 @ 3044
[23:05:57] [TRADE] ETF 40 @ 3044
[23:05:57] [TRADE] ETF 53 @ 3043
[23:05:57] [TRADE] ETF 5 @ 3050
[23:05:57] [TRADE] ETF 5 @ 3050
[23:05:57] [TRADE] B 5 @ 972
[23:05:57] [TRADE] C 5 @ 979
[23:05:57] [TRADE] A 14 @ 1116
[23:05:57] [TRADE] ETF 5 @ 3053
[23:05:57] [TRADE] ETF 40 @ 3053
[23:05:57] [TRADE] ETF 55 @ 3053
[23:05:57] [TRADE] A 5 @ 1113
[23:05:57] [TRADE] ETF 5 @ 3057
[23:05:57] [TRADE] ETF 5 @ 3054
[23:05:57] [TRADE] B 5 @ 974
[23:05:57] [TRADE] C 5 @ 978
[23:05:57] [TRADE] ETF 5 @ 3054
[23:05:57] [TRADE] A 5 @ 1118
[23:05:58] [TRADE] ETF 5 @ 3053
[23:05:58] [TRADE] ETF 5 @ 3056
[23:05:58] [TRADE] ETF 5 @ 3056
[23:05:58] [TRADE] ETF 40 @ 3056
[23:05:58] [TRADE] ETF 50 @ 3056
[23:05:58] [TRADE] ETF 10 @ 3057
[23:05:58] [TRADE] ETF 30 @ 3057
[23:05:58] [TRADE] ETF 50 @ 3058
[23:05:58] [TRADE] ETF 10 @ 3058
[23:05:58] [TRADE] ETF 80 @ 3059
[23:05:58] [TRADE] ETF 10 @ 3060
[23:05:58] [TRADE] B 5 @ 971
[23:05:58] [TRADE] C 5 @ 984
[23:05:58] [TRADE] ETF 5 @ 3060
[23:05:58] [TRADE] A 5 @ 1117
[23:05:58] [TRADE] ETF 5 @ 3059
[23:05:58] [TRADE] ETF 40 @ 3053
[23:05:58] [TRADE] ETF 60 @ 3052
[23:05:58] [TRADE] ETF 5 @ 3052
[23:05:58] [TRADE] B 5 @ 972
[23:05:58] [TRADE] C 5 @ 982
[23:05:58] [TRADE] ETF 5 @ 3052
[23:05:59] [TRADE] ETF 40 @ 3050
[23:05:59] [TRADE] ETF 60 @ 3050
[23:05:59] [TRADE] ETF 5 @ 3047
[23:05:59] [TRADE] A 5 @ 1113
[23:05:59] [TRADE] ETF 5 @ 3048
[23:05:59] [TRADE] B 40 @ 977
[23:05:59] [TRADE] ETF 40 @ 3046
[23:05:59] [TRADE] ETF 5 @ 3046
[23:05:59] [TRADE] B 5 @ 974
[23:05:59] [TRADE] C 5 @ 981
